#
# There is insufficient memory for the Java Runtime Environment to continue.
# Native memory allocation (mmap) failed to map 84934656 bytes for committing reserved memory.
# Possible reasons:
#   The system is out of physical RAM or swap space
#   In 32 bit mode, the process size limit was hit
# Possible solutions:
#   Reduce memory load on the system
#   Increase physical memory or swap space
#   Check if swap backing store is full
#   Use 64 bit Java on a 64 bit OS
#   Decrease Java heap size (-Xmx/-Xms)
#   Decrease number of Java threads
#   Decrease Java thread stack sizes (-Xss)
#   Set larger code cache with -XX:ReservedCodeCacheSize=
# This output file may be truncated or incomplete.
#
#  Out of Memory Error (os_linux.cpp:2627), pid=14230, tid=140148863874816
#
# JRE version: Java(TM) SE Runtime Environment (8.0_91-b14) (build 1.8.0_91-b14)
# Java VM: Java HotSpot(TM) 64-Bit Server VM (25.91-b14 mixed mode linux-amd64 compressed oops)
# Failed to write core dump. Core dumps have been disabled. To enable core dumping, try "ulimit -c unlimited" before starting Java again
#

---------------  T H R E A D  ---------------

Current thread (0x00007f7710078000):  VMThread [stack: 0x00007f76f32f3000,0x00007f76f33f4000] [id=14239]

Stack: [0x00007f76f32f3000,0x00007f76f33f4000],  sp=0x00007f76f33f2220,  free space=1020k
Native frames: (J=compiled Java code, j=interpreted, Vv=VM code, C=native code)
V  [libjvm.so+0xabc18a]  VMError::report_and_die()+0x2ba
V  [libjvm.so+0x4fafeb]  report_vm_out_of_memory(char const*, int, unsigned long, VMErrorType, char const*)+0x8b
V  [libjvm.so+0x91cbb3]  os::Linux::commit_memory_impl(char*, unsigned long, bool)+0x103
V  [libjvm.so+0x91d109]  os::pd_commit_memory(char*, unsigned long, unsigned long, bool)+0x29
V  [libjvm.so+0x91740a]  os::commit_memory(char*, unsigned long, unsigned long, bool)+0x2a
V  [libjvm.so+0x98b033]  PSVirtualSpace::expand_by(unsigned long)+0x53
V  [libjvm.so+0x98c438]  PSYoungGen::resize_generation(unsigned long, unsigned long)+0xf8
V  [libjvm.so+0x98b592]  PSYoungGen::resize(unsigned long, unsigned long)+0x22
V  [libjvm.so+0x98886b]  PSScavenge::invoke_no_policy()+0xf3b
V  [libjvm.so+0x988ff1]  PSScavenge::invoke()+0x41
V  [libjvm.so+0x9408b0]  ParallelScavengeHeap::failed_mem_allocate(unsigned long)+0x70
V  [libjvm.so+0xabdba7]  VM_ParallelGCFailedAllocation::doit()+0x97
V  [libjvm.so+0xac55d5]  VM_Operation::evaluate()+0x55
V  [libjvm.so+0xac39aa]  VMThread::evaluate_operation(VM_Operation*)+0xba
V  [libjvm.so+0xac3d2e]  VMThread::loop()+0x1ce
V  [libjvm.so+0xac41a0]  VMThread::run()+0x70
V  [libjvm.so+0x91ef78]  java_start(Thread*)+0x108

VM_Operation (0x00007f76f1e268c0): ParallelGCFailedAllocation, mode: safepoint, requested by thread 0x00007f771013c800


---------------  P R O C E S S  ---------------

Java Threads: ( => current thread )
  0x00007f771013e800 JavaThread "pool-1-thread-4" [_thread_blocked, id=14257, stack(0x00007f76f1c27000,0x00007f76f1d28000)]
  0x00007f771013c800 JavaThread "pool-1-thread-3" [_thread_blocked, id=14256, stack(0x00007f76f1d28000,0x00007f76f1e29000)]
  0x00007f771013b800 JavaThread "pool-1-thread-2" [_thread_blocked, id=14255, stack(0x00007f76f1e29000,0x00007f76f1f2a000)]
  0x00007f7710138800 JavaThread "pool-2-thread-1" [_thread_blocked, id=14254, stack(0x00007f76f1f2a000,0x00007f76f202b000)]
  0x00007f7710136800 JavaThread "pool-1-thread-1" [_thread_blocked, id=14253, stack(0x00007f76f202b000,0x00007f76f212c000)]
  0x00007f77100c0000 JavaThread "Service Thread" daemon [_thread_blocked, id=14246, stack(0x00007f76f222d000,0x00007f76f232e000)]
  0x00007f77100bd000 JavaThread "C1 CompilerThread2" daemon [_thread_blocked, id=14245, stack(0x00007f76f232e000,0x00007f76f242f000)]
  0x00007f77100bb800 JavaThread "C2 CompilerThread1" daemon [_thread_blocked, id=14244, stack(0x00007f76f242f000,0x00007f76f2530000)]
  0x00007f77100b8800 JavaThread "C2 CompilerThread0" daemon [_thread_blocked, id=14243, stack(0x00007f76f2530000,0x00007f76f2631000)]
  0x00007f77100b7000 JavaThread "Signal Dispatcher" daemon [_thread_blocked, id=14242, stack(0x00007f76f2631000,0x00007f76f2732000)]
  0x00007f7710084000 JavaThread "Finalizer" daemon [_thread_blocked, id=14241, stack(0x00007f76f30f1000,0x00007f76f31f2000)]
  0x00007f771007f800 JavaThread "Reference Handler" daemon [_thread_blocked, id=14240, stack(0x00007f76f31f2000,0x00007f76f32f3000)]
  0x00007f771000a000 JavaThread "main" [_thread_blocked, id=14232, stack(0x00007f7719a1e000,0x00007f7719b1f000)]

Other Threads:
=>0x00007f7710078000 VMThread [stack: 0x00007f76f32f3000,0x00007f76f33f4000] [id=14239]
  0x00007f77100c2800 WatcherThread [stack: 0x00007f76f212c000,0x00007f76f222d000] [id=14247]

VM state:at safepoint (normal execution)

VM Mutex/Monitor currently owned by a thread:  ([mutex/lock_event])
[0x00007f77100064d0] Threads_lock - owner thread: 0x00007f7710078000
[0x00007f77100069d0] Heap_lock - owner thread: 0x00007f771013c800

Heap:
 PSYoungGen      total 136704K, used 20467K [0x00000000eab00000, 0x00000000f4900000, 0x0000000100000000)
  eden space 116224K, 0% used [0x00000000eab00000,0x00000000eab00000,0x00000000f1c80000)
  from space 20480K, 99% used [0x00000000f1c80000,0x00000000f307cc88,0x00000000f3080000)
  to   space 15872K, 0% used [0x00000000f3080000,0x00000000f3080000,0x00000000f4000000)
 ParOldGen       total 40960K, used 36122K [0x00000000c0000000, 0x00000000c2800000, 0x00000000eab00000)
  object space 40960K, 88% used [0x00000000c0000000,0x00000000c2346ba8,0x00000000c2800000)
 Metaspace       used 6383K, capacity 7192K, committed 7424K, reserved 1056768K
  class space    used 614K, capacity 656K, committed 768K, reserved 1048576K

Card table byte_map: [0x00007f77165ce000,0x00007f77167cf000] byte_map_base: 0x00007f7715fce000

Marking Bits: (ParMarkBitMap*) 0x00007f7718eecd60
 Begin Bits: [0x00007f7714074000, 0x00007f7715074000)
 End Bits:   [0x00007f7715074000, 0x00007f7716074000)

Polling page: 0x00007f7719b3b000

CodeCache: size=245760Kb used=6659Kb max_used=6659Kb free=239100Kb
 bounds [0x00007f7701000000, 0x00007f7701690000, 0x00007f7710000000]
 total_blobs=2131 nmethods=1862 adapters=182
 compilation: enabled

Compilation events (10 events):
Event: 6.705 Thread 0x00007f77100bd000 nmethod 2090 0x00007f770167efd0 code [0x00007f770167f3a0, 0x00007f7701680718]
Event: 6.705 Thread 0x00007f77100bd000 2088   !   2       java.util.zip.Inflater::setInput (74 bytes)
Event: 6.706 Thread 0x00007f77100bd000 nmethod 2088 0x00007f77016822d0 code [0x00007f7701682460, 0x00007f77016828b8]
Event: 6.706 Thread 0x00007f77100bd000 2091   !   2       com.android.dx.cf.direct.DirectClassFile::parse (75 bytes)
Event: 6.707 Thread 0x00007f77100bd000 nmethod 2091 0x00007f7701682a90 code [0x00007f7701682ca0, 0x00007f7701683358]
Event: 6.707 Thread 0x00007f77100bd000 2089       2       com.android.dx.rop.cst.CstLiteralBits::<init> (5 bytes)
Event: 6.707 Thread 0x00007f77100bd000 nmethod 2089 0x00007f77016837d0 code [0x00007f7701683920, 0x00007f7701683a70]
Event: 6.719 Thread 0x00007f77100bd000 2092 %     3       com.android.dx.rop.type.StdTypeList::withFirst @ 25 (53 bytes)
Event: 6.725 Thread 0x00007f77100bd000 nmethod 2092% 0x00007f7701683b10 code [0x00007f7701683da0, 0x00007f7701684f58]
Event: 6.725 Thread 0x00007f77100bd000 2096   !   2       com.android.dx.dex.cf.CfTranslator::processFields (251 bytes)

GC Heap History (10 events):
Event: 3.204 GC heap after
Heap after GC invocations=4 (full 0):
 PSYoungGen      total 33280K, used 2556K [0x00000000eab00000, 0x00000000ece00000, 0x0000000100000000)
  eden space 30720K, 0% used [0x00000000eab00000,0x00000000eab00000,0x00000000ec900000)
  from space 2560K, 99% used [0x00000000ecb80000,0x00000000ecdff348,0x00000000ece00000)
  to   space 2560K, 0% used [0x00000000ec900000,0x00000000ec900000,0x00000000ecb80000)
 ParOldGen       total 40960K, used 7280K [0x00000000c0000000, 0x00000000c2800000, 0x00000000eab00000)
  object space 40960K, 17% used [0x00000000c0000000,0x00000000c071c028,0x00000000c2800000)
 Metaspace       used 5873K, capacity 6832K, committed 7040K, reserved 1056768K
  class space    used 593K, capacity 616K, committed 640K, reserved 1048576K
}
Event: 3.674 GC heap before
{Heap before GC invocations=5 (full 0):
 PSYoungGen      total 33280K, used 33276K [0x00000000eab00000, 0x00000000ece00000, 0x0000000100000000)
  eden space 30720K, 100% used [0x00000000eab00000,0x00000000ec900000,0x00000000ec900000)
  from space 2560K, 99% used [0x00000000ecb80000,0x00000000ecdff348,0x00000000ece00000)
  to   space 2560K, 0% used [0x00000000ec900000,0x00000000ec900000,0x00000000ecb80000)
 ParOldGen       total 40960K, used 7280K [0x00000000c0000000, 0x00000000c2800000, 0x00000000eab00000)
  object space 40960K, 17% used [0x00000000c0000000,0x00000000c071c028,0x00000000c2800000)
 Metaspace       used 5897K, capacity 6832K, committed 7040K, reserved 1056768K
  class space    used 594K, capacity 616K, committed 640K, reserved 1048576K
Event: 3.724 GC heap after
Heap after GC invocations=5 (full 0):
 PSYoungGen      total 33280K, used 2540K [0x00000000eab00000, 0x00000000efa00000, 0x0000000100000000)
  eden space 30720K, 0% used [0x00000000eab00000,0x00000000eab00000,0x00000000ec900000)
  from space 2560K, 99% used [0x00000000ec900000,0x00000000ecb7b328,0x00000000ecb80000)
  to   space 9728K, 0% used [0x00000000ef080000,0x00000000ef080000,0x00000000efa00000)
 ParOldGen       total 40960K, used 13029K [0x00000000c0000000, 0x00000000c2800000, 0x00000000eab00000)
  object space 40960K, 31% used [0x00000000c0000000,0x00000000c0cb96d0,0x00000000c2800000)
 Metaspace       used 5897K, capacity 6832K, committed 7040K, reserved 1056768K
  class space    used 594K, capacity 616K, committed 640K, reserved 1048576K
}
Event: 4.175 GC heap before
{Heap before GC invocations=6 (full 0):
 PSYoungGen      total 33280K, used 33260K [0x00000000eab00000, 0x00000000efa00000, 0x0000000100000000)
  eden space 30720K, 100% used [0x00000000eab00000,0x00000000ec900000,0x00000000ec900000)
  from space 2560K, 99% used [0x00000000ec900000,0x00000000ecb7b328,0x00000000ecb80000)
  to   space 9728K, 0% used [0x00000000ef080000,0x00000000ef080000,0x00000000efa00000)
 ParOldGen       total 40960K, used 13029K [0x00000000c0000000, 0x00000000c2800000, 0x00000000eab00000)
  object space 40960K, 31% used [0x00000000c0000000,0x00000000c0cb96d0,0x00000000c2800000)
 Metaspace       used 5923K, capacity 6896K, committed 7040K, reserved 1056768K
  class space    used 594K, capacity 616K, committed 640K, reserved 1048576K
Event: 4.242 GC heap after
Heap after GC invocations=6 (full 0):
 PSYoungGen      total 70144K, used 8049K [0x00000000eab00000, 0x00000000efc00000, 0x0000000100000000)
  eden space 60416K, 0% used [0x00000000eab00000,0x00000000eab00000,0x00000000ee600000)
  from space 9728K, 82% used [0x00000000ef080000,0x00000000ef85c5d0,0x00000000efa00000)
  to   space 10752K, 0% used [0x00000000ee600000,0x00000000ee600000,0x00000000ef080000)
 ParOldGen       total 40960K, used 13029K [0x00000000c0000000, 0x00000000c2800000, 0x00000000eab00000)
  object space 40960K, 31% used [0x00000000c0000000,0x00000000c0cb96d0,0x00000000c2800000)
 Metaspace       used 5923K, capacity 6896K, committed 7040K, reserved 1056768K
  class space    used 594K, capacity 616K, committed 640K, reserved 1048576K
}
Event: 4.916 GC heap before
{Heap before GC invocations=7 (full 0):
 PSYoungGen      total 70144K, used 68465K [0x00000000eab00000, 0x00000000efc00000, 0x0000000100000000)
  eden space 60416K, 100% used [0x00000000eab00000,0x00000000ee600000,0x00000000ee600000)
  from space 9728K, 82% used [0x00000000ef080000,0x00000000ef85c5d0,0x00000000efa00000)
  to   space 10752K, 0% used [0x00000000ee600000,0x00000000ee600000,0x00000000ef080000)
 ParOldGen       total 40960K, used 13029K [0x00000000c0000000, 0x00000000c2800000, 0x00000000eab00000)
  object space 40960K, 31% used [0x00000000c0000000,0x00000000c0cb96d0,0x00000000c2800000)
 Metaspace       used 5992K, capacity 6960K, committed 7040K, reserved 1056768K
  class space    used 594K, capacity 616K, committed 640K, reserved 1048576K
Event: 5.005 GC heap after
Heap after GC invocations=7 (full 0):
 PSYoungGen      total 71168K, used 10737K [0x00000000eab00000, 0x00000000f4000000, 0x0000000100000000)
  eden space 60416K, 0% used [0x00000000eab00000,0x00000000eab00000,0x00000000ee600000)
  from space 10752K, 99% used [0x00000000ee600000,0x00000000ef07c548,0x00000000ef080000)
  to   space 15872K, 0% used [0x00000000f3080000,0x00000000f3080000,0x00000000f4000000)
 ParOldGen       total 40960K, used 18921K [0x00000000c0000000, 0x00000000c2800000, 0x00000000eab00000)
  object space 40960K, 46% used [0x00000000c0000000,0x00000000c127a5d8,0x00000000c2800000)
 Metaspace       used 5992K, capacity 6960K, committed 7040K, reserved 1056768K
  class space    used 594K, capacity 616K, committed 640K, reserved 1048576K
}
Event: 5.635 GC heap before
{Heap before GC invocations=8 (full 0):
 PSYoungGen      total 71168K, used 71153K [0x00000000eab00000, 0x00000000f4000000, 0x0000000100000000)
  eden space 60416K, 100% used [0x00000000eab00000,0x00000000ee600000,0x00000000ee600000)
  from space 10752K, 99% used [0x00000000ee600000,0x00000000ef07c548,0x00000000ef080000)
  to   space 15872K, 0% used [0x00000000f3080000,0x00000000f3080000,0x00000000f4000000)
 ParOldGen       total 40960K, used 18921K [0x00000000c0000000, 0x00000000c2800000, 0x00000000eab00000)
  object space 40960K, 46% used [0x00000000c0000000,0x00000000c127a5d8,0x00000000c2800000)
 Metaspace       used 6046K, capacity 7024K, committed 7296K, reserved 1056768K
  class space    used 594K, capacity 616K, committed 640K, reserved 1048576K
Event: 5.729 GC heap after
Heap after GC invocations=8 (full 0):
 PSYoungGen      total 132096K, used 15856K [0x00000000eab00000, 0x00000000f4900000, 0x0000000100000000)
  eden space 116224K, 0% used [0x00000000eab00000,0x00000000eab00000,0x00000000f1c80000)
  from space 15872K, 99% used [0x00000000f3080000,0x00000000f3ffc030,0x00000000f4000000)
  to   space 20480K, 0% used [0x00000000f1c80000,0x00000000f1c80000,0x00000000f3080000)
 ParOldGen       total 40960K, used 23710K [0x00000000c0000000, 0x00000000c2800000, 0x00000000eab00000)
  object space 40960K, 57% used [0x00000000c0000000,0x00000000c1727998,0x00000000c2800000)
 Metaspace       used 6046K, capacity 7024K, committed 7296K, reserved 1056768K
  class space    used 594K, capacity 616K, committed 640K, reserved 1048576K
}
Event: 6.757 GC heap before
{Heap before GC invocations=9 (full 0):
 PSYoungGen      total 132096K, used 132080K [0x00000000eab00000, 0x00000000f4900000, 0x0000000100000000)
  eden space 116224K, 100% used [0x00000000eab00000,0x00000000f1c80000,0x00000000f1c80000)
  from space 15872K, 99% used [0x00000000f3080000,0x00000000f3ffc030,0x00000000f4000000)
  to   space 20480K, 0% used [0x00000000f1c80000,0x00000000f1c80000,0x00000000f3080000)
 ParOldGen       total 40960K, used 23710K [0x00000000c0000000, 0x00000000c2800000, 0x00000000eab00000)
  object space 40960K, 57% used [0x00000000c0000000,0x00000000c1727998,0x00000000c2800000)
 Metaspace       used 6383K, capacity 7192K, committed 7424K, reserved 1056768K
  class space    used 614K, capacity 656K, committed 768K, reserved 1048576K

Deoptimization events (10 events):
Event: 3.516 Thread 0x00007f771013e800 Uncommon trap: reason=bimorphic action=maybe_recompile pc=0x00007f770127c7a8 method=java.util.HashMap.getNode(ILjava/lang/Object;)Ljava/util/HashMap$Node; @ 126
Event: 3.516 Thread 0x00007f771013e800 Uncommon trap: reason=bimorphic action=maybe_recompile pc=0x00007f770127c7a8 method=java.util.HashMap.getNode(ILjava/lang/Object;)Ljava/util/HashMap$Node; @ 126
Event: 3.516 Thread 0x00007f771013e800 Uncommon trap: reason=bimorphic action=maybe_recompile pc=0x00007f770127c7a8 method=java.util.HashMap.getNode(ILjava/lang/Object;)Ljava/util/HashMap$Node; @ 126
Event: 3.516 Thread 0x00007f771013e800 Uncommon trap: reason=bimorphic action=maybe_recompile pc=0x00007f7701255fb4 method=java.util.HashMap.getNode(ILjava/lang/Object;)Ljava/util/HashMap$Node; @ 126
Event: 3.598 Thread 0x00007f771013b800 Uncommon trap: reason=unstable_if action=reinterpret pc=0x00007f77012b717c method=com.android.dx.ssa.SsaMethod.updateOneDefinition(Lcom/android/dx/ssa/SsaInsn;Lcom/android/dx/rop/code/RegisterSpec;)V @ 4
Event: 5.019 Thread 0x00007f771013c800 Uncommon trap: reason=bimorphic action=maybe_recompile pc=0x00007f770146f1f0 method=java.util.HashMap.putVal(ILjava/lang/Object;Ljava/lang/Object;ZZ)Ljava/lang/Object; @ 203
Event: 6.065 Thread 0x00007f771000a000 Uncommon trap: reason=unstable_if action=reinterpret pc=0x00007f770129dbc4 method=java.util.HashMap.putVal(ILjava/lang/Object;Ljava/lang/Object;ZZ)Ljava/lang/Object; @ 162
Event: 6.083 Thread 0x00007f771000a000 Uncommon trap: reason=unstable_if action=reinterpret pc=0x00007f770139270c method=java.util.HashMap.getNode(ILjava/lang/Object;)Ljava/util/HashMap$Node; @ 84
Event: 6.131 Thread 0x00007f771013e800 Uncommon trap: reason=unstable_if action=reinterpret pc=0x00007f7701567cfc method=com.android.dx.ssa.SCCP.simulateStmt(Lcom/android/dx/ssa/SsaInsn;)V @ 53
Event: 6.581 Thread 0x00007f7710136800 Uncommon trap: reason=unstable_if action=reinterpret pc=0x00007f770146f1b4 method=java.util.HashMap.putVal(ILjava/lang/Object;Ljava/lang/Object;ZZ)Ljava/lang/Object; @ 109

Internal exceptions (5 events):
Event: 0.133 Thread 0x00007f771000a000 Exception <a 'java/lang/NoSuchMethodError': Method sun.misc.Unsafe.defineClass(Ljava/lang/String;[BII)Ljava/lang/Class; name or signature does not match> (0x00000000eab07cc0) thrown at [/HUDSON/workspace/8-2-build-linux-amd64/jdk8u91/6644/hotspot/src/shar
Event: 0.133 Thread 0x00007f771000a000 Exception <a 'java/lang/NoSuchMethodError': Method sun.misc.Unsafe.prefetchRead(Ljava/lang/Object;J)V name or signature does not match> (0x00000000eab07fa8) thrown at [/HUDSON/workspace/8-2-build-linux-amd64/jdk8u91/6644/hotspot/src/share/vm/prims/jni.cpp
Event: 6.077 Thread 0x00007f771000a000 Exception <a 'java/lang/ArrayIndexOutOfBoundsException': 18> (0x00000000ed296558) thrown at [/HUDSON/workspace/8-2-build-linux-amd64/jdk8u91/6644/hotspot/src/share/vm/interpreter/interpreterRuntime.cpp, line 366]
Event: 6.077 Thread 0x00007f771000a000 Exception <a 'java/lang/ArrayIndexOutOfBoundsException': 145> (0x00000000ed2980d8) thrown at [/HUDSON/workspace/8-2-build-linux-amd64/jdk8u91/6644/hotspot/src/share/vm/interpreter/interpreterRuntime.cpp, line 366]
Event: 6.078 Thread 0x00007f771000a000 Exception <a 'java/lang/ArrayIndexOutOfBoundsException': 40> (0x00000000ed2993c0) thrown at [/HUDSON/workspace/8-2-build-linux-amd64/jdk8u91/6644/hotspot/src/share/vm/interpreter/interpreterRuntime.cpp, line 366]

Events (10 events):
Event: 6.643 Thread 0x00007f771013c800 DEOPT UNPACKING pc=0x00007f7701047633 sp=0x00007f76f1e26708 mode 0
Event: 6.655 Thread 0x00007f771013c800 DEOPT PACKING pc=0x00007f77012e09da sp=0x00007f76f1e261b0
Event: 6.655 Thread 0x00007f771013c800 DEOPT UNPACKING pc=0x00007f7701047633 sp=0x00007f76f1e25f50 mode 0
Event: 6.711 Thread 0x00007f771013c800 DEOPT PACKING pc=0x00007f770129d02d sp=0x00007f76f1e26a20
Event: 6.711 Thread 0x00007f771013c800 DEOPT UNPACKING pc=0x00007f7701047633 sp=0x00007f76f1e267a8 mode 0
Event: 6.717 Thread 0x00007f771000a000 DEOPT PACKING pc=0x00007f770137e7ec sp=0x00007f7719b1c940
Event: 6.717 Thread 0x00007f771000a000 DEOPT UNPACKING pc=0x00007f7701047633 sp=0x00007f7719b1c640 mode 0
Event: 6.752 Thread 0x00007f771013e800 DEOPT PACKING pc=0x00007f770128a787 sp=0x00007f76f1d259c0
Event: 6.752 Thread 0x00007f771013e800 DEOPT UNPACKING pc=0x00007f7701047633 sp=0x00007f76f1d25728 mode 0
Event: 6.757 Executing VM operation: ParallelGCFailedAllocation


Dynamic libraries:
00400000-00401000 r-xp 00000000 08:0a 530050                             /usr/lib/jvm/java-8-oracle/bin/java
00600000-00601000 rw-p 00000000 08:0a 530050                             /usr/lib/jvm/java-8-oracle/bin/java
01b15000-01b36000 rw-p 00000000 00:00 0                                  [heap]
c0000000-c2800000 rw-p 00000000 00:00 0 
c2800000-eab00000 ---p 00000000 00:00 0 
eab00000-f4900000 rw-p 00000000 00:00 0 
f9a00000-100000000 ---p 00000000 00:00 0 
100000000-1000c0000 rw-p 00000000 00:00 0 
1000c0000-140000000 ---p 00000000 00:00 0 
7f76b0000000-7f76b0021000 rw-p 00000000 00:00 0 
7f76b0021000-7f76b4000000 ---p 00000000 00:00 0 
7f76b8000000-7f76b8025000 rw-p 00000000 00:00 0 
7f76b8025000-7f76bc000000 ---p 00000000 00:00 0 
7f76bc000000-7f76bc02c000 rw-p 00000000 00:00 0 
7f76bc02c000-7f76c0000000 ---p 00000000 00:00 0 
7f76c0000000-7f76c0043000 rw-p 00000000 00:00 0 
7f76c0043000-7f76c4000000 ---p 00000000 00:00 0 
7f76c4000000-7f76c428c000 rw-p 00000000 00:00 0 
7f76c428c000-7f76c8000000 ---p 00000000 00:00 0 
7f76c8000000-7f76c8021000 rw-p 00000000 00:00 0 
7f76c8021000-7f76cc000000 ---p 00000000 00:00 0 
7f76cc000000-7f76cc021000 rw-p 00000000 00:00 0 
7f76cc021000-7f76d0000000 ---p 00000000 00:00 0 
7f76d0000000-7f76d0c74000 rw-p 00000000 00:00 0 
7f76d0c74000-7f76d4000000 ---p 00000000 00:00 0 
7f76d4000000-7f76d497a000 rw-p 00000000 00:00 0 
7f76d497a000-7f76d8000000 ---p 00000000 00:00 0 
7f76d8000000-7f76d8021000 rw-p 00000000 00:00 0 
7f76d8021000-7f76dc000000 ---p 00000000 00:00 0 
7f76dc000000-7f76dc755000 rw-p 00000000 00:00 0 
7f76dc755000-7f76e0000000 ---p 00000000 00:00 0 
7f76e0000000-7f76e0021000 rw-p 00000000 00:00 0 
7f76e0021000-7f76e4000000 ---p 00000000 00:00 0 
7f76e4000000-7f76e4021000 rw-p 00000000 00:00 0 
7f76e4021000-7f76e8000000 ---p 00000000 00:00 0 
7f76e8000000-7f76e828d000 rw-p 00000000 00:00 0 
7f76e828d000-7f76ec000000 ---p 00000000 00:00 0 
7f76ec000000-7f76ec021000 rw-p 00000000 00:00 0 
7f76ec021000-7f76f0000000 ---p 00000000 00:00 0 
7f76f1c27000-7f76f1c2a000 ---p 00000000 00:00 0 
7f76f1c2a000-7f76f1d28000 rw-p 00000000 00:00 0 
7f76f1d28000-7f76f1d2b000 ---p 00000000 00:00 0 
7f76f1d2b000-7f76f1e29000 rw-p 00000000 00:00 0 
7f76f1e29000-7f76f1e2c000 ---p 00000000 00:00 0 
7f76f1e2c000-7f76f1f2a000 rw-p 00000000 00:00 0 
7f76f1f2a000-7f76f1f2d000 ---p 00000000 00:00 0 
7f76f1f2d000-7f76f202b000 rw-p 00000000 00:00 0 
7f76f202b000-7f76f202e000 ---p 00000000 00:00 0 
7f76f202e000-7f76f212c000 rw-p 00000000 00:00 0 
7f76f212c000-7f76f212d000 ---p 00000000 00:00 0 
7f76f212d000-7f76f222d000 rw-p 00000000 00:00 0 
7f76f222d000-7f76f2230000 ---p 00000000 00:00 0 
7f76f2230000-7f76f232e000 rw-p 00000000 00:00 0 
7f76f232e000-7f76f2331000 ---p 00000000 00:00 0 
7f76f2331000-7f76f242f000 rw-p 00000000 00:00 0 
7f76f242f000-7f76f2432000 ---p 00000000 00:00 0 
7f76f2432000-7f76f2530000 rw-p 00000000 00:00 0 
7f76f2530000-7f76f2533000 ---p 00000000 00:00 0 
7f76f2533000-7f76f2631000 rw-p 00000000 00:00 0 
7f76f2631000-7f76f2634000 ---p 00000000 00:00 0 
7f76f2634000-7f76f2732000 rw-p 00000000 00:00 0 
7f76f2732000-7f76f30f1000 r--p 00000000 08:0a 400614                     /usr/lib/locale/locale-archive
7f76f30f1000-7f76f30f4000 ---p 00000000 00:00 0 
7f76f30f4000-7f76f31f2000 rw-p 00000000 00:00 0 
7f76f31f2000-7f76f31f5000 ---p 00000000 00:00 0 
7f76f31f5000-7f76f32f3000 rw-p 00000000 00:00 0 
7f76f32f3000-7f76f32f4000 ---p 00000000 00:00 0 
7f76f32f4000-7f76f4000000 rw-p 00000000 00:00 0 
7f76f4000000-7f76f4021000 rw-p 00000000 00:00 0 
7f76f4021000-7f76f8000000 ---p 00000000 00:00 0 
7f76f8000000-7f76f8021000 rw-p 00000000 00:00 0 
7f76f8021000-7f76fc000000 ---p 00000000 00:00 0 
7f76fc000000-7f76fc021000 rw-p 00000000 00:00 0 
7f76fc021000-7f7700000000 ---p 00000000 00:00 0 
7f7700056000-7f770006c000 r--s 000f1000 08:0a 4980775                    /home/akhil/AndroidStudioProjects/IntegrateGit/app/build/intermediates/exploded-aar/com.android.support/support-v4/23.4.0/jars/classes.jar
7f770006c000-7f77003b1000 rw-p 00000000 00:00 0 
7f77003b1000-7f770058a000 r--s 03d1f000 08:0a 792350                     /usr/lib/jvm/java-8-oracle/jre/lib/rt.jar
7f770058a000-7f7700c80000 rw-p 00000000 00:00 0 
7f7700c80000-7f7700e00000 ---p 00000000 00:00 0 
7f7700e00000-7f7701000000 rw-p 00000000 00:00 0 
7f7701000000-7f7701690000 rwxp 00000000 00:00 0 
7f7701690000-7f7710000000 ---p 00000000 00:00 0 
7f7710000000-7f771038b000 rw-p 00000000 00:00 0 
7f771038b000-7f7714000000 ---p 00000000 00:00 0 
7f7714004000-7f7716074000 rw-p 00000000 00:00 0 
7f7716074000-7f7716075000 ---p 00000000 00:00 0 
7f7716075000-7f7716175000 rw-p 00000000 00:00 0 
7f7716175000-7f7716176000 ---p 00000000 00:00 0 
7f7716176000-7f7716276000 rw-p 00000000 00:00 0 
7f7716276000-7f7716277000 ---p 00000000 00:00 0 
7f7716277000-7f7716377000 rw-p 00000000 00:00 0 
7f7716377000-7f7716378000 ---p 00000000 00:00 0 
7f7716378000-7f771648c000 rw-p 00000000 00:00 0 
7f771648c000-7f77165ce000 ---p 00000000 00:00 0 
7f77165ce000-7f77165e2000 rw-p 00000000 00:00 0 
7f77165e2000-7f7716723000 ---p 00000000 00:00 0 
7f7716723000-7f7716773000 rw-p 00000000 00:00 0 
7f7716773000-7f77167ce000 ---p 00000000 00:00 0 
7f77167ce000-7f77167ea000 rw-p 00000000 00:00 0 
7f77167ea000-7f7716b8f000 ---p 00000000 00:00 0 
7f7716b8f000-7f7716ba9000 r-xp 00000000 08:0a 792409                     /usr/lib/jvm/java-8-oracle/jre/lib/amd64/libzip.so
7f7716ba9000-7f7716da9000 ---p 0001a000 08:0a 792409                     /usr/lib/jvm/java-8-oracle/jre/lib/amd64/libzip.so
7f7716da9000-7f7716daa000 rw-p 0001a000 08:0a 792409                     /usr/lib/jvm/java-8-oracle/jre/lib/amd64/libzip.so
7f7716daa000-7f7716db5000 r-xp 00000000 08:0a 6558312                    /lib/x86_64-linux-gnu/libnss_files-2.23.so
7f7716db5000-7f7716fb4000 ---p 0000b000 08:0a 6558312                    /lib/x86_64-linux-gnu/libnss_files-2.23.so
7f7716fb4000-7f7716fb5000 r--p 0000a000 08:0a 6558312                    /lib/x86_64-linux-gnu/libnss_files-2.23.so
7f7716fb5000-7f7716fb6000 rw-p 0000b000 08:0a 6558312                    /lib/x86_64-linux-gnu/libnss_files-2.23.so
7f7716fb6000-7f7716fbc000 rw-p 00000000 00:00 0 
7f7716fbc000-7f7716fc7000 r-xp 00000000 08:0a 6558322                    /lib/x86_64-linux-gnu/libnss_nis-2.23.so
7f7716fc7000-7f77171c6000 ---p 0000b000 08:0a 6558322                    /lib/x86_64-linux-gnu/libnss_nis-2.23.so
7f77171c6000-7f77171c7000 r--p 0000a000 08:0a 6558322                    /lib/x86_64-linux-gnu/libnss_nis-2.23.so
7f77171c7000-7f77171c8000 rw-p 0000b000 08:0a 6558322                    /lib/x86_64-linux-gnu/libnss_nis-2.23.so
7f77171c8000-7f77171de000 r-xp 00000000 08:0a 6558306                    /lib/x86_64-linux-gnu/libnsl-2.23.so
7f77171de000-7f77173dd000 ---p 00016000 08:0a 6558306                    /lib/x86_64-linux-gnu/libnsl-2.23.so
7f77173dd000-7f77173de000 r--p 00015000 08:0a 6558306                    /lib/x86_64-linux-gnu/libnsl-2.23.so
7f77173de000-7f77173df000 rw-p 00016000 08:0a 6558306                    /lib/x86_64-linux-gnu/libnsl-2.23.so
7f77173df000-7f77173e1000 rw-p 00000000 00:00 0 
7f77173e1000-7f77173e9000 r-xp 00000000 08:0a 6558308                    /lib/x86_64-linux-gnu/libnss_compat-2.23.so
7f77173e9000-7f77175e8000 ---p 00008000 08:0a 6558308                    /lib/x86_64-linux-gnu/libnss_compat-2.23.so
7f77175e8000-7f77175e9000 r--p 00007000 08:0a 6558308                    /lib/x86_64-linux-gnu/libnss_compat-2.23.so
7f77175e9000-7f77175ea000 rw-p 00008000 08:0a 6558308                    /lib/x86_64-linux-gnu/libnss_compat-2.23.so
7f77175ea000-7f7717614000 r-xp 00000000 08:0a 792404                     /usr/lib/jvm/java-8-oracle/jre/lib/amd64/libjava.so
7f7717614000-7f7717814000 ---p 0002a000 08:0a 792404                     /usr/lib/jvm/java-8-oracle/jre/lib/amd64/libjava.so
7f7717814000-7f7717816000 rw-p 0002a000 08:0a 792404                     /usr/lib/jvm/java-8-oracle/jre/lib/amd64/libjava.so
7f7717816000-7f7717823000 r-xp 00000000 08:0a 792408                     /usr/lib/jvm/java-8-oracle/jre/lib/amd64/libverify.so
7f7717823000-7f7717a23000 ---p 0000d000 08:0a 792408                     /usr/lib/jvm/java-8-oracle/jre/lib/amd64/libverify.so
7f7717a23000-7f7717a25000 rw-p 0000d000 08:0a 792408                     /usr/lib/jvm/java-8-oracle/jre/lib/amd64/libverify.so
7f7717a25000-7f7717a2c000 r-xp 00000000 08:0a 6558367                    /lib/x86_64-linux-gnu/librt-2.23.so
7f7717a2c000-7f7717c2b000 ---p 00007000 08:0a 6558367                    /lib/x86_64-linux-gnu/librt-2.23.so
7f7717c2b000-7f7717c2c000 r--p 00006000 08:0a 6558367                    /lib/x86_64-linux-gnu/librt-2.23.so
7f7717c2c000-7f7717c2d000 rw-p 00007000 08:0a 6558367                    /lib/x86_64-linux-gnu/librt-2.23.so
7f7717c2d000-7f7717d35000 r-xp 00000000 08:0a 6558283                    /lib/x86_64-linux-gnu/libm-2.23.so
7f7717d35000-7f7717f34000 ---p 00108000 08:0a 6558283                    /lib/x86_64-linux-gnu/libm-2.23.so
7f7717f34000-7f7717f35000 r--p 00107000 08:0a 6558283                    /lib/x86_64-linux-gnu/libm-2.23.so
7f7717f35000-7f7717f36000 rw-p 00108000 08:0a 6558283                    /lib/x86_64-linux-gnu/libm-2.23.so
7f7717f36000-7f7718bf6000 r-xp 00000000 08:0a 928667                     /usr/lib/jvm/java-8-oracle/jre/lib/amd64/server/libjvm.so
7f7718bf6000-7f7718df6000 ---p 00cc0000 08:0a 928667                     /usr/lib/jvm/java-8-oracle/jre/lib/amd64/server/libjvm.so
7f7718df6000-7f7718ece000 rw-p 00cc0000 08:0a 928667                     /usr/lib/jvm/java-8-oracle/jre/lib/amd64/server/libjvm.so
7f7718ece000-7f7718f19000 rw-p 00000000 00:00 0 
7f7718f19000-7f77190d9000 r-xp 00000000 08:0a 6558213                    /lib/x86_64-linux-gnu/libc-2.23.so
7f77190d9000-7f77192d8000 ---p 001c0000 08:0a 6558213                    /lib/x86_64-linux-gnu/libc-2.23.so
7f77192d8000-7f77192dc000 r--p 001bf000 08:0a 6558213                    /lib/x86_64-linux-gnu/libc-2.23.so
7f77192dc000-7f77192de000 rw-p 001c3000 08:0a 6558213                    /lib/x86_64-linux-gnu/libc-2.23.so
7f77192de000-7f77192e2000 rw-p 00000000 00:00 0 
7f77192e2000-7f77192e5000 r-xp 00000000 08:0a 6558237                    /lib/x86_64-linux-gnu/libdl-2.23.so
7f77192e5000-7f77194e4000 ---p 00003000 08:0a 6558237                    /lib/x86_64-linux-gnu/libdl-2.23.so
7f77194e4000-7f77194e5000 r--p 00002000 08:0a 6558237                    /lib/x86_64-linux-gnu/libdl-2.23.so
7f77194e5000-7f77194e6000 rw-p 00003000 08:0a 6558237                    /lib/x86_64-linux-gnu/libdl-2.23.so
7f77194e6000-7f77194fb000 r-xp 00000000 08:0a 791541                     /usr/lib/jvm/java-8-oracle/lib/amd64/jli/libjli.so
7f77194fb000-7f77196fb000 ---p 00015000 08:0a 791541                     /usr/lib/jvm/java-8-oracle/lib/amd64/jli/libjli.so
7f77196fb000-7f77196fc000 rw-p 00015000 08:0a 791541                     /usr/lib/jvm/java-8-oracle/lib/amd64/jli/libjli.so
7f77196fc000-7f7719714000 r-xp 00000000 08:0a 6558359                    /lib/x86_64-linux-gnu/libpthread-2.23.so
7f7719714000-7f7719913000 ---p 00018000 08:0a 6558359                    /lib/x86_64-linux-gnu/libpthread-2.23.so
7f7719913000-7f7719914000 r--p 00017000 08:0a 6558359                    /lib/x86_64-linux-gnu/libpthread-2.23.so
7f7719914000-7f7719915000 rw-p 00018000 08:0a 6558359                    /lib/x86_64-linux-gnu/libpthread-2.23.so
7f7719915000-7f7719919000 rw-p 00000000 00:00 0 
7f7719919000-7f771993f000 r-xp 00000000 08:0a 6558185                    /lib/x86_64-linux-gnu/ld-2.23.so
7f7719945000-7f7719a1e000 rw-p 00000000 00:00 0 
7f7719a1e000-7f7719a21000 ---p 00000000 00:00 0 
7f7719a21000-7f7719b23000 rw-p 00000000 00:00 0 
7f7719b23000-7f7719b32000 r--s 000df000 08:0a 4327630                    /home/akhil/Android/Sdk/build-tools/23.0.3/lib/dx.jar
7f7719b32000-7f7719b3a000 rw-s 00000000 08:0a 1316054                    /tmp/hsperfdata_akhil/14230
7f7719b3a000-7f7719b3b000 rw-p 00000000 00:00 0 
7f7719b3b000-7f7719b3c000 ---p 00000000 00:00 0 
7f7719b3c000-7f7719b3e000 rw-p 00000000 00:00 0 
7f7719b3e000-7f7719b3f000 r--p 00025000 08:0a 6558185                    /lib/x86_64-linux-gnu/ld-2.23.so
7f7719b3f000-7f7719b40000 rw-p 00026000 08:0a 6558185                    /lib/x86_64-linux-gnu/ld-2.23.so
7f7719b40000-7f7719b41000 rw-p 00000000 00:00 0 
7ffd79fe9000-7ffd7a00b000 rw-p 00000000 00:00 0                          [stack]
7ffd7a1d9000-7ffd7a1db000 r--p 00000000 00:00 0                          [vvar]
7ffd7a1db000-7ffd7a1dd000 r-xp 00000000 00:00 0                          [vdso]
ffffffffff600000-ffffffffff601000 r-xp 00000000 00:00 0                  [vsyscall]

VM Arguments:
jvm_args: -Djava.awt.headless=true -Xmx1024M -Dfile.encoding=UTF-8 -Duser.country=IN -Duser.language=en -Duser.variant 
java_command: com.android.dx.command.Main --dex --num-threads=4 --output /home/akhil/AndroidStudioProjects/IntegrateGit/app/build/intermediates/pre-dexed/debug/com.android.support-support-v4-23.4.0_0fc46d574cf9f2bd8319afacea739173acc4e74e.jar /home/akhil/AndroidStudioProjects/IntegrateGit/app/build/intermediates/exploded-aar/com.android.support/support-v4/23.4.0/jars/classes.jar
java_class_path (initial): /home/akhil/Android/Sdk/build-tools/23.0.3/lib/dx.jar
Launcher Type: SUN_STANDARD

Environment Variables:
JAVA_HOME=/usr/lib/jvm/java-8-oracle
PATH=/usr/local/sbin:/usr/local/bin:/usr/sbin:/usr/bin:/sbin:/bin:/usr/games:/usr/local/games:/snap/bin:/usr/lib/jvm/java-8-oracle/bin:/usr/lib/jvm/java-8-oracle/db/bin:/usr/lib/jvm/java-8-oracle/jre/bin
LD_LIBRARY_PATH=.:
SHELL=/bin/bash
DISPLAY=:0

Signal Handlers:
SIGSEGV: [libjvm.so+0xabca10], sa_mask[0]=11111111011111111101111111111110, sa_flags=SA_RESTART|SA_SIGINFO
SIGBUS: [libjvm.so+0xabca10], sa_mask[0]=11111111011111111101111111111110, sa_flags=SA_RESTART|SA_SIGINFO
SIGFPE: [libjvm.so+0x919a20], sa_mask[0]=11111111011111111101111111111110, sa_flags=SA_RESTART|SA_SIGINFO
SIGPIPE: [libjvm.so+0x919a20], sa_mask[0]=11111111011111111101111111111110, sa_flags=SA_RESTART|SA_SIGINFO
SIGXFSZ: [libjvm.so+0x919a20], sa_mask[0]=11111111011111111101111111111110, sa_flags=SA_RESTART|SA_SIGINFO
SIGILL: [libjvm.so+0x919a20], sa_mask[0]=11111111011111111101111111111110, sa_flags=SA_RESTART|SA_SIGINFO
SIGUSR1: SIG_DFL, sa_mask[0]=00000000000000000000000000000000, sa_flags=none
SIGUSR2: [libjvm.so+0x91b050], sa_mask[0]=00100000000000000000000000000000, sa_flags=SA_RESTART|SA_SIGINFO
SIGHUP: [libjvm.so+0x91c450], sa_mask[0]=11111111011111111101111111111110, sa_flags=SA_RESTART|SA_SIGINFO
SIGINT: [libjvm.so+0x91c450], sa_mask[0]=11111111011111111101111111111110, sa_flags=SA_RESTART|SA_SIGINFO
SIGTERM: [libjvm.so+0x91c450], sa_mask[0]=11111111011111111101111111111110, sa_flags=SA_RESTART|SA_SIGINFO
SIGQUIT: [libjvm.so+0x91c450], sa_mask[0]=11111111011111111101111111111110, sa_flags=SA_RESTART|SA_SIGINFO


---------------  S Y S T E M  ---------------

OS:DISTRIB_ID=Ubuntu
DISTRIB_RELEASE=16.04
DISTRIB_CODENAME=xenial
DISTRIB_DESCRIPTION="Ubuntu 16.04 LTS"

uname:Linux 4.4.0-22-generic #40-Ubuntu SMP Thu May 12 22:03:46 UTC 2016 x86_64
libc:glibc 2.23 NPTL 2.23 
rlimit: STACK 8192k, CORE 0k, NPROC 14926, NOFILE 65536, AS infinity
load average:5.13 1.80 0.87

/proc/meminfo:
MemTotal:        3924616 kB
MemFree:           34696 kB
MemAvailable:      63424 kB
Buffers:            1044 kB
Cached:           337756 kB
SwapCached:            0 kB
Active:          3410468 kB
Inactive:         292816 kB
Active(anon):    3398060 kB
Inactive(anon):   284152 kB
Active(file):      12408 kB
Inactive(file):     8664 kB
Unevictable:          32 kB
Mlocked:              32 kB
SwapTotal:             0 kB
SwapFree:              0 kB
Dirty:                64 kB
Writeback:             0 kB
AnonPages:       3364788 kB
Mapped:            84140 kB
Shmem:            317416 kB
Slab:              76424 kB
SReclaimable:      36924 kB
SUnreclaim:        39500 kB
KernelStack:       10640 kB
PageTables:        38212 kB
NFS_Unstable:          0 kB
Bounce:                0 kB
WritebackTmp:          0 kB
CommitLimit:     1962308 kB
Committed_AS:    7334748 kB
VmallocTotal:   34359738367 kB
VmallocUsed:           0 kB
VmallocChunk:          0 kB
HardwareCorrupted:     0 kB
AnonHugePages:   1517568 kB
CmaTotal:              0 kB
CmaFree:               0 kB
HugePages_Total:       0
HugePages_Free:        0
HugePages_Rsvd:        0
HugePages_Surp:        0
Hugepagesize:       2048 kB
DirectMap4k:      145148 kB
DirectMap2M:     3928064 kB


CPU:total 4 (2 cores per cpu, 2 threads per core) family 6 model 58 stepping 9, cmov, cx8, fxsr, mmx, sse, sse2, sse3, ssse3, sse4.1, sse4.2, popcnt, avx, aes, clmul, erms, ht, tsc, tscinvbit, tscinv

/proc/cpuinfo:
processor	: 0
vendor_id	: GenuineIntel
cpu family	: 6
model		: 58
model name	: Intel(R) Core(TM) i5-3337U CPU @ 1.80GHz
stepping	: 9
microcode	: 0x17
cpu MHz		: 1758.023
cache size	: 3072 KB
physical id	: 0
siblings	: 4
core id		: 0
cpu cores	: 2
apicid		: 0
initial apicid	: 0
fpu		: yes
fpu_exception	: yes
cpuid level	: 13
wp		: yes
flags		: fpu vme de pse tsc msr pae mce cx8 apic sep mtrr pge mca cmov pat pse36 clflush dts acpi mmx fxsr sse sse2 ss ht tm pbe syscall nx rdtscp lm constant_tsc arch_perfmon pebs bts rep_good nopl xtopology nonstop_tsc aperfmperf eagerfpu pni pclmulqdq dtes64 monitor ds_cpl vmx est tm2 ssse3 cx16 xtpr pdcm pcid sse4_1 sse4_2 x2apic popcnt tsc_deadline_timer aes xsave avx f16c rdrand lahf_lm epb tpr_shadow vnmi flexpriority ept vpid fsgsbase smep erms xsaveopt dtherm ida arat pln pts
bugs		:
bogomips	: 3591.89
clflush size	: 64
cache_alignment	: 64
address sizes	: 36 bits physical, 48 bits virtual
power management:

processor	: 1
vendor_id	: GenuineIntel
cpu family	: 6
model		: 58
model name	: Intel(R) Core(TM) i5-3337U CPU @ 1.80GHz
stepping	: 9
microcode	: 0x17
cpu MHz		: 2499.960
cache size	: 3072 KB
physical id	: 0
siblings	: 4
core id		: 0
cpu cores	: 2
apicid		: 1
initial apicid	: 1
fpu		: yes
fpu_exception	: yes
cpuid level	: 13
wp		: yes
flags		: fpu vme de pse tsc msr pae mce cx8 apic sep mtrr pge mca cmov pat pse36 clflush dts acpi mmx fxsr sse sse2 ss ht tm pbe syscall nx rdtscp lm constant_tsc arch_perfmon pebs bts rep_good nopl xtopology nonstop_tsc aperfmperf eagerfpu pni pclmulqdq dtes64 monitor ds_cpl vmx est tm2 ssse3 cx16 xtpr pdcm pcid sse4_1 sse4_2 x2apic popcnt tsc_deadline_timer aes xsave avx f16c rdrand lahf_lm epb tpr_shadow vnmi flexpriority ept vpid fsgsbase smep erms xsaveopt dtherm ida arat pln pts
bugs		:
bogomips	: 3591.89
clflush size	: 64
cache_alignment	: 64
address sizes	: 36 bits physical, 48 bits virtual
power management:

processor	: 2
vendor_id	: GenuineIntel
cpu family	: 6
model		: 58
model name	: Intel(R) Core(TM) i5-3337U CPU @ 1.80GHz
stepping	: 9
microcode	: 0x17
cpu MHz		: 2140.242
cache size	: 3072 KB
physical id	: 0
siblings	: 4
core id		: 1
cpu cores	: 2
apicid		: 2
initial apicid	: 2
fpu		: yes
fpu_exception	: yes
cpuid level	: 13
wp		: yes
flags		: fpu vme de pse tsc msr pae mce cx8 apic sep mtrr pge mca cmov pat pse36 clflush dts acpi mmx fxsr sse sse2 ss ht tm pbe syscall nx rdtscp lm constant_tsc arch_perfmon pebs bts rep_good nopl xtopology nonstop_tsc aperfmperf eagerfpu pni pclmulqdq dtes64 monitor ds_cpl vmx est tm2 ssse3 cx16 xtpr pdcm pcid sse4_1 sse4_2 x2apic popcnt tsc_deadline_timer aes xsave avx f16c rdrand lahf_lm epb tpr_shadow vnmi flexpriority ept vpid fsgsbase smep erms xsaveopt dtherm ida arat pln pts
bugs		:
bogomips	: 3591.89
clflush size	: 64
cache_alignment	: 64
address sizes	: 36 bits physical, 48 bits virtual
power management:

processor	: 3
vendor_id	: GenuineIntel
cpu family	: 6
model		: 58
model name	: Intel(R) Core(TM) i5-3337U CPU @ 1.80GHz
stepping	: 9
microcode	: 0x17
cpu MHz		: 1351.125
cache size	: 3072 KB
physical id	: 0
siblings	: 4
core id		: 1
cpu cores	: 2
apicid		: 3
initial apicid	: 3
fpu		: yes
fpu_exception	: yes
cpuid level	: 13
wp		: yes
flags		: fpu vme de pse tsc msr pae mce cx8 apic sep mtrr pge mca cmov pat pse36 clflush dts acpi mmx fxsr sse sse2 ss ht tm pbe syscall nx rdtscp lm constant_tsc arch_perfmon pebs bts rep_good nopl xtopology nonstop_tsc aperfmperf eagerfpu pni pclmulqdq dtes64 monitor ds_cpl vmx est tm2 ssse3 cx16 xtpr pdcm pcid sse4_1 sse4_2 x2apic popcnt tsc_deadline_timer aes xsave avx f16c rdrand lahf_lm epb tpr_shadow vnmi flexpriority ept vpid fsgsbase smep erms xsaveopt dtherm ida arat pln pts
bugs		:
bogomips	: 3591.89
clflush size	: 64
cache_alignment	: 64
address sizes	: 36 bits physical, 48 bits virtual
power management:



Memory: 4k page, physical 3924616k(34696k free), swap 0k(0k free)

vm_info: Java HotSpot(TM) 64-Bit Server VM (25.91-b14) for linux-amd64 JRE (1.8.0_91-b14), built on Apr  1 2016 00:57:21 by "java_re" with gcc 4.3.0 20080428 (Red Hat 4.3.0-8)

time: Fri Jun  3 16:32:40 2016
elapsed time: 8 seconds (0d 0h 0m 8s)

