#
# There is insufficient memory for the Java Runtime Environment to continue.
# Native memory allocation (mmap) failed to map 142606336 bytes for committing reserved memory.
# Possible reasons:
#   The system is out of physical RAM or swap space
#   In 32 bit mode, the process size limit was hit
# Possible solutions:
#   Reduce memory load on the system
#   Increase physical memory or swap space
#   Check if swap backing store is full
#   Use 64 bit Java on a 64 bit OS
#   Decrease Java heap size (-Xmx/-Xms)
#   Decrease number of Java threads
#   Decrease Java thread stack sizes (-Xss)
#   Set larger code cache with -XX:ReservedCodeCacheSize=
# This output file may be truncated or incomplete.
#
#  Out of Memory Error (os_linux.cpp:2627), pid=13096, tid=140621067007744
#
# JRE version: Java(TM) SE Runtime Environment (8.0_91-b14) (build 1.8.0_91-b14)
# Java VM: Java HotSpot(TM) 64-Bit Server VM (25.91-b14 mixed mode linux-amd64 compressed oops)
# Failed to write core dump. Core dumps have been disabled. To enable core dumping, try "ulimit -c unlimited" before starting Java again
#

---------------  T H R E A D  ---------------

Current thread (0x00007fe4fc078000):  VMThread [stack: 0x00007fe4e4af3000,0x00007fe4e4bf4000] [id=13109]

Stack: [0x00007fe4e4af3000,0x00007fe4e4bf4000],  sp=0x00007fe4e4bf2120,  free space=1020k
Native frames: (J=compiled Java code, j=interpreted, Vv=VM code, C=native code)
V  [libjvm.so+0xabc18a]  VMError::report_and_die()+0x2ba
V  [libjvm.so+0x4fafeb]  report_vm_out_of_memory(char const*, int, unsigned long, VMErrorType, char const*)+0x8b
V  [libjvm.so+0x91cbb3]  os::Linux::commit_memory_impl(char*, unsigned long, bool)+0x103
V  [libjvm.so+0x91d109]  os::pd_commit_memory(char*, unsigned long, unsigned long, bool)+0x29
V  [libjvm.so+0x91740a]  os::commit_memory(char*, unsigned long, unsigned long, bool)+0x2a
V  [libjvm.so+0x98b033]  PSVirtualSpace::expand_by(unsigned long)+0x53
V  [libjvm.so+0x98c438]  PSYoungGen::resize_generation(unsigned long, unsigned long)+0xf8
V  [libjvm.so+0x98b592]  PSYoungGen::resize(unsigned long, unsigned long)+0x22
V  [libjvm.so+0x98886b]  PSScavenge::invoke_no_policy()+0xf3b
V  [libjvm.so+0x988ff1]  PSScavenge::invoke()+0x41
V  [libjvm.so+0x9408b0]  ParallelScavengeHeap::failed_mem_allocate(unsigned long)+0x70
V  [libjvm.so+0xabdba7]  VM_ParallelGCFailedAllocation::doit()+0x97
V  [libjvm.so+0xac55d5]  VM_Operation::evaluate()+0x55
V  [libjvm.so+0xac39aa]  VMThread::evaluate_operation(VM_Operation*)+0xba
V  [libjvm.so+0xac3d2e]  VMThread::loop()+0x1ce
V  [libjvm.so+0xac41a0]  VMThread::run()+0x70
V  [libjvm.so+0x91ef78]  java_start(Thread*)+0x108

VM_Operation (0x00007fe4df43cb50): ParallelGCFailedAllocation, mode: safepoint, requested by thread 0x00007fe4fc15f800


---------------  P R O C E S S  ---------------

Java Threads: ( => current thread )
  0x00007fe4fc15f800 JavaThread "pool-2-thread-4" [_thread_blocked, id=13143, stack(0x00007fe4df33e000,0x00007fe4df43f000)]
  0x00007fe4fc15e000 JavaThread "pool-2-thread-3" [_thread_blocked, id=13142, stack(0x00007fe4df43f000,0x00007fe4df540000)]
  0x00007fe4fc15d000 JavaThread "pool-2-thread-2" [_thread_blocked, id=13141, stack(0x00007fe4df540000,0x00007fe4df641000)]
  0x00007fe4fc150000 JavaThread "pool-3-thread-1" [_thread_blocked, id=13140, stack(0x00007fe4e40e9000,0x00007fe4e41ea000)]
  0x00007fe4fc14e000 JavaThread "pool-2-thread-1" [_thread_blocked, id=13139, stack(0x00007fe4e41ea000,0x00007fe4e42eb000)]
  0x00007fe4fc0c0000 JavaThread "Service Thread" daemon [_thread_blocked, id=13118, stack(0x00007fe4e43ec000,0x00007fe4e44ed000)]
  0x00007fe4fc0bd000 JavaThread "C1 CompilerThread2" daemon [_thread_blocked, id=13117, stack(0x00007fe4e44ed000,0x00007fe4e45ee000)]
  0x00007fe4fc0bb800 JavaThread "C2 CompilerThread1" daemon [_thread_blocked, id=13116, stack(0x00007fe4e45ee000,0x00007fe4e46ef000)]
  0x00007fe4fc0b8800 JavaThread "C2 CompilerThread0" daemon [_thread_blocked, id=13115, stack(0x00007fe4e46ef000,0x00007fe4e47f0000)]
  0x00007fe4fc0b7000 JavaThread "Signal Dispatcher" daemon [_thread_blocked, id=13114, stack(0x00007fe4e47f0000,0x00007fe4e48f1000)]
  0x00007fe4fc084000 JavaThread "Finalizer" daemon [_thread_blocked, id=13113, stack(0x00007fe4e48f1000,0x00007fe4e49f2000)]
  0x00007fe4fc07f800 JavaThread "Reference Handler" daemon [_thread_blocked, id=13112, stack(0x00007fe4e49f2000,0x00007fe4e4af3000)]
  0x00007fe4fc00a000 JavaThread "main" [_thread_blocked, id=13098, stack(0x00007fe5031da000,0x00007fe5032db000)]

Other Threads:
=>0x00007fe4fc078000 VMThread [stack: 0x00007fe4e4af3000,0x00007fe4e4bf4000] [id=13109]
  0x00007fe4fc0c3000 WatcherThread [stack: 0x00007fe4e42eb000,0x00007fe4e43ec000] [id=13119]

VM state:at safepoint (normal execution)

VM Mutex/Monitor currently owned by a thread:  ([mutex/lock_event])
[0x00007fe4fc006530] Threads_lock - owner thread: 0x00007fe4fc078000
[0x00007fe4fc006a30] Heap_lock - owner thread: 0x00007fe4fc15f800

Heap:
 PSYoungGen      total 136704K, used 15844K [0x00000000eab00000, 0x00000000f4200000, 0x0000000100000000)
  eden space 120832K, 0% used [0x00000000eab00000,0x00000000eab00000,0x00000000f2100000)
  from space 15872K, 99% used [0x00000000f2100000,0x00000000f30790c8,0x00000000f3080000)
  to   space 13824K, 0% used [0x00000000f3080000,0x00000000f3080000,0x00000000f3e00000)
 ParOldGen       total 40960K, used 35078K [0x00000000c0000000, 0x00000000c2800000, 0x00000000eab00000)
  object space 40960K, 85% used [0x00000000c0000000,0x00000000c2241bd0,0x00000000c2800000)
 Metaspace       used 6315K, capacity 7192K, committed 7424K, reserved 1056768K
  class space    used 613K, capacity 656K, committed 768K, reserved 1048576K

Card table byte_map: [0x00007fe50014a000,0x00007fe50034b000] byte_map_base: 0x00007fe4ffb4a000

Marking Bits: (ParMarkBitMap*) 0x00007fe5026a8d60
 Begin Bits: [0x00007fe4e6000000, 0x00007fe4e7000000)
 End Bits:   [0x00007fe4e7000000, 0x00007fe4e8000000)

Polling page: 0x00007fe5032f7000

CodeCache: size=245760Kb used=6734Kb max_used=6734Kb free=239025Kb
 bounds [0x00007fe4ed000000, 0x00007fe4ed6a0000, 0x00007fe4fc000000]
 total_blobs=2033 nmethods=1764 adapters=182
 compilation: enabled

Compilation events (10 events):
Event: 10.235 Thread 0x00007fe4fc0bd000 2254       2       com.android.dx.cf.attrib.InnerClassList::get (9 bytes)
Event: 10.236 Thread 0x00007fe4fc0bd000 nmethod 2254 0x00007fe4ed684cd0 code [0x00007fe4ed684e40, 0x00007fe4ed684fe8]
Event: 10.236 Thread 0x00007fe4fc0bd000 2275       2       java.util.Date::getCalendarSystem (15 bytes)
Event: 10.237 Thread 0x00007fe4fc0bd000 nmethod 2275 0x00007fe4ed684650 code [0x00007fe4ed6847e0, 0x00007fe4ed684b68]
Event: 10.237 Thread 0x00007fe4fc0bd000 2277       2       sun.util.calendar.ZoneInfo::getOffsets (276 bytes)
Event: 10.264 Thread 0x00007fe4fc0bd000 nmethod 2277 0x00007fe4ed6971d0 code [0x00007fe4ed6973c0, 0x00007fe4ed697b28]
Event: 10.264 Thread 0x00007fe4fc0bd000 2256       2       com.android.dx.rop.cst.CstArray$List::set (7 bytes)
Event: 10.264 Thread 0x00007fe4fc0bd000 nmethod 2256 0x00007fe4ed683bd0 code [0x00007fe4ed683d80, 0x00007fe4ed6841c8]
Event: 10.264 Thread 0x00007fe4fc0bd000 2263       2       java.util.concurrent.locks.ReentrantLock::lock (8 bytes)
Event: 10.267 Thread 0x00007fe4fc0bd000 nmethod 2263 0x00007fe4ed683850 code [0x00007fe4ed6839c0, 0x00007fe4ed683b48]

GC Heap History (10 events):
Event: 2.469 GC heap after
Heap after GC invocations=2 (full 0):
 PSYoungGen      total 33280K, used 2541K [0x00000000eab00000, 0x00000000ece00000, 0x0000000100000000)
  eden space 30720K, 0% used [0x00000000eab00000,0x00000000eab00000,0x00000000ec900000)
  from space 2560K, 99% used [0x00000000ecb80000,0x00000000ecdfb5e0,0x00000000ece00000)
  to   space 2560K, 0% used [0x00000000ec900000,0x00000000ec900000,0x00000000ecb80000)
 ParOldGen       total 40960K, used 2169K [0x00000000c0000000, 0x00000000c2800000, 0x00000000eab00000)
  object space 40960K, 5% used [0x00000000c0000000,0x00000000c021e7d8,0x00000000c2800000)
 Metaspace       used 5721K, capacity 6704K, committed 6784K, reserved 1056768K
  class space    used 590K, capacity 616K, committed 640K, reserved 1048576K
}
Event: 3.889 GC heap before
{Heap before GC invocations=3 (full 0):
 PSYoungGen      total 33280K, used 33261K [0x00000000eab00000, 0x00000000ece00000, 0x0000000100000000)
  eden space 30720K, 100% used [0x00000000eab00000,0x00000000ec900000,0x00000000ec900000)
  from space 2560K, 99% used [0x00000000ecb80000,0x00000000ecdfb5e0,0x00000000ece00000)
  to   space 2560K, 0% used [0x00000000ec900000,0x00000000ec900000,0x00000000ecb80000)
 ParOldGen       total 40960K, used 2169K [0x00000000c0000000, 0x00000000c2800000, 0x00000000eab00000)
  object space 40960K, 5% used [0x00000000c0000000,0x00000000c021e7d8,0x00000000c2800000)
 Metaspace       used 5881K, capacity 6832K, committed 7040K, reserved 1056768K
  class space    used 592K, capacity 616K, committed 640K, reserved 1048576K
Event: 3.986 GC heap after
Heap after GC invocations=3 (full 0):
 PSYoungGen      total 33280K, used 2529K [0x00000000eab00000, 0x00000000eec00000, 0x0000000100000000)
  eden space 30720K, 0% used [0x00000000eab00000,0x00000000eab00000,0x00000000ec900000)
  from space 2560K, 98% used [0x00000000ec900000,0x00000000ecb785d8,0x00000000ecb80000)
  to   space 2560K, 0% used [0x00000000ee980000,0x00000000ee980000,0x00000000eec00000)
 ParOldGen       total 40960K, used 7407K [0x00000000c0000000, 0x00000000c2800000, 0x00000000eab00000)
  object space 40960K, 18% used [0x00000000c0000000,0x00000000c073bf00,0x00000000c2800000)
 Metaspace       used 5881K, capacity 6832K, committed 7040K, reserved 1056768K
  class space    used 592K, capacity 616K, committed 640K, reserved 1048576K
}
Event: 4.732 GC heap before
{Heap before GC invocations=4 (full 0):
 PSYoungGen      total 33280K, used 33249K [0x00000000eab00000, 0x00000000eec00000, 0x0000000100000000)
  eden space 30720K, 100% used [0x00000000eab00000,0x00000000ec900000,0x00000000ec900000)
  from space 2560K, 98% used [0x00000000ec900000,0x00000000ecb785d8,0x00000000ecb80000)
  to   space 2560K, 0% used [0x00000000ee980000,0x00000000ee980000,0x00000000eec00000)
 ParOldGen       total 40960K, used 7407K [0x00000000c0000000, 0x00000000c2800000, 0x00000000eab00000)
  object space 40960K, 18% used [0x00000000c0000000,0x00000000c073bf00,0x00000000c2800000)
 Metaspace       used 5913K, capacity 6896K, committed 7040K, reserved 1056768K
  class space    used 593K, capacity 616K, committed 640K, reserved 1048576K
Event: 4.801 GC heap after
Heap after GC invocations=4 (full 0):
 PSYoungGen      total 64000K, used 2540K [0x00000000eab00000, 0x00000000eec00000, 0x0000000100000000)
  eden space 61440K, 0% used [0x00000000eab00000,0x00000000eab00000,0x00000000ee700000)
  from space 2560K, 99% used [0x00000000ee980000,0x00000000eebfb350,0x00000000eec00000)
  to   space 2560K, 0% used [0x00000000ee700000,0x00000000ee700000,0x00000000ee980000)
 ParOldGen       total 40960K, used 11848K [0x00000000c0000000, 0x00000000c2800000, 0x00000000eab00000)
  object space 40960K, 28% used [0x00000000c0000000,0x00000000c0b92230,0x00000000c2800000)
 Metaspace       used 5913K, capacity 6896K, committed 7040K, reserved 1056768K
  class space    used 593K, capacity 616K, committed 640K, reserved 1048576K
}
Event: 6.092 GC heap before
{Heap before GC invocations=5 (full 0):
 PSYoungGen      total 64000K, used 63980K [0x00000000eab00000, 0x00000000eec00000, 0x0000000100000000)
  eden space 61440K, 100% used [0x00000000eab00000,0x00000000ee700000,0x00000000ee700000)
  from space 2560K, 99% used [0x00000000ee980000,0x00000000eebfb350,0x00000000eec00000)
  to   space 2560K, 0% used [0x00000000ee700000,0x00000000ee700000,0x00000000ee980000)
 ParOldGen       total 40960K, used 11848K [0x00000000c0000000, 0x00000000c2800000, 0x00000000eab00000)
  object space 40960K, 28% used [0x00000000c0000000,0x00000000c0b92230,0x00000000c2800000)
 Metaspace       used 5999K, capacity 6960K, committed 7040K, reserved 1056768K
  class space    used 593K, capacity 616K, committed 640K, reserved 1048576K
Event: 6.245 GC heap after
Heap after GC invocations=5 (full 0):
 PSYoungGen      total 64000K, used 2529K [0x00000000eab00000, 0x00000000f3e00000, 0x0000000100000000)
  eden space 61440K, 0% used [0x00000000eab00000,0x00000000eab00000,0x00000000ee700000)
  from space 2560K, 98% used [0x00000000ee700000,0x00000000ee9785d8,0x00000000ee980000)
  to   space 13824K, 0% used [0x00000000f3080000,0x00000000f3080000,0x00000000f3e00000)
 ParOldGen       total 40960K, used 21287K [0x00000000c0000000, 0x00000000c2800000, 0x00000000eab00000)
  object space 40960K, 51% used [0x00000000c0000000,0x00000000c14c9f68,0x00000000c2800000)
 Metaspace       used 5999K, capacity 6960K, committed 7040K, reserved 1056768K
  class space    used 593K, capacity 616K, committed 640K, reserved 1048576K
}
Event: 7.448 GC heap before
{Heap before GC invocations=6 (full 0):
 PSYoungGen      total 64000K, used 63969K [0x00000000eab00000, 0x00000000f3e00000, 0x0000000100000000)
  eden space 61440K, 100% used [0x00000000eab00000,0x00000000ee700000,0x00000000ee700000)
  from space 2560K, 98% used [0x00000000ee700000,0x00000000ee9785d8,0x00000000ee980000)
  to   space 13824K, 0% used [0x00000000f3080000,0x00000000f3080000,0x00000000f3e00000)
 ParOldGen       total 40960K, used 21287K [0x00000000c0000000, 0x00000000c2800000, 0x00000000eab00000)
  object space 40960K, 51% used [0x00000000c0000000,0x00000000c14c9f68,0x00000000c2800000)
 Metaspace       used 6050K, capacity 7024K, committed 7296K, reserved 1056768K
  class space    used 593K, capacity 616K, committed 640K, reserved 1048576K
Event: 7.639 GC heap after
Heap after GC invocations=6 (full 0):
 PSYoungGen      total 134656K, used 12081K [0x00000000eab00000, 0x00000000f4200000, 0x0000000100000000)
  eden space 120832K, 0% used [0x00000000eab00000,0x00000000eab00000,0x00000000f2100000)
  from space 13824K, 87% used [0x00000000f3080000,0x00000000f3c4c5f8,0x00000000f3e00000)
  to   space 15872K, 0% used [0x00000000f2100000,0x00000000f2100000,0x00000000f3080000)
 ParOldGen       total 40960K, used 21287K [0x00000000c0000000, 0x00000000c2800000, 0x00000000eab00000)
  object space 40960K, 51% used [0x00000000c0000000,0x00000000c14c9f68,0x00000000c2800000)
 Metaspace       used 6050K, capacity 7024K, committed 7296K, reserved 1056768K
  class space    used 593K, capacity 616K, committed 640K, reserved 1048576K
}
Event: 10.296 GC heap before
{Heap before GC invocations=7 (full 0):
 PSYoungGen      total 134656K, used 132913K [0x00000000eab00000, 0x00000000f4200000, 0x0000000100000000)
  eden space 120832K, 100% used [0x00000000eab00000,0x00000000f2100000,0x00000000f2100000)
  from space 13824K, 87% used [0x00000000f3080000,0x00000000f3c4c5f8,0x00000000f3e00000)
  to   space 15872K, 0% used [0x00000000f2100000,0x00000000f2100000,0x00000000f3080000)
 ParOldGen       total 40960K, used 21287K [0x00000000c0000000, 0x00000000c2800000, 0x00000000eab00000)
  object space 40960K, 51% used [0x00000000c0000000,0x00000000c14c9f68,0x00000000c2800000)
 Metaspace       used 6315K, capacity 7192K, committed 7424K, reserved 1056768K
  class space    used 613K, capacity 656K, committed 768K, reserved 1048576K

Deoptimization events (10 events):
Event: 6.352 Thread 0x00007fe4fc15e000 Uncommon trap: reason=bimorphic action=maybe_recompile pc=0x00007fe4ed462000 method=com.android.dx.cf.code.BytecodeArray.parseInstruction(ILcom/android/dx/cf/code/BytecodeArray$Visitor;)I @ 1501
Event: 6.649 Thread 0x00007fe4fc15f800 Uncommon trap: reason=unstable_if action=reinterpret pc=0x00007fe4ed49d7ac method=com.android.dx.ssa.SCCP.simulateStmt(Lcom/android/dx/ssa/SsaInsn;)V @ 53
Event: 6.777 Thread 0x00007fe4fc15f800 Uncommon trap: reason=bimorphic action=maybe_recompile pc=0x00007fe4ed36887c method=java.util.HashMap.putVal(ILjava/lang/Object;Ljava/lang/Object;ZZ)Ljava/lang/Object; @ 203
Event: 8.929 Thread 0x00007fe4fc15d000 Uncommon trap: reason=unstable_if action=reinterpret pc=0x00007fe4ed2d3ec0 method=java.util.HashMap.putVal(ILjava/lang/Object;Ljava/lang/Object;ZZ)Ljava/lang/Object; @ 162
Event: 8.955 Thread 0x00007fe4fc15d000 Uncommon trap: reason=unstable_if action=reinterpret pc=0x00007fe4ed348cec method=java.util.HashMap.getNode(ILjava/lang/Object;)Ljava/util/HashMap$Node; @ 84
Event: 8.965 Thread 0x00007fe4fc00a000 Uncommon trap: reason=unstable_if action=reinterpret pc=0x00007fe4ed489a44 method=java.util.HashMap.getNode(ILjava/lang/Object;)Ljava/util/HashMap$Node; @ 84
Event: 8.977 Thread 0x00007fe4fc14e000 Uncommon trap: reason=bimorphic action=maybe_recompile pc=0x00007fe4ed6161cc method=com.android.dx.cf.code.BytecodeArray.parseInstruction(ILcom/android/dx/cf/code/BytecodeArray$Visitor;)I @ 1161
Event: 8.977 Thread 0x00007fe4fc14e000 Uncommon trap: reason=bimorphic action=maybe_recompile pc=0x00007fe4ed6161cc method=com.android.dx.cf.code.BytecodeArray.parseInstruction(ILcom/android/dx/cf/code/BytecodeArray$Visitor;)I @ 1161
Event: 9.170 Thread 0x00007fe4fc00a000 Uncommon trap: reason=bimorphic action=maybe_recompile pc=0x00007fe4ed566a50 method=com.android.dx.ssa.LiteralOpUpgrader.tryReplacingWithConstant(Lcom/android/dx/ssa/NormalSsaInsn;)Z @ 62
Event: 9.215 Thread 0x00007fe4fc00a000 Uncommon trap: reason=bimorphic action=maybe_recompile pc=0x00007fe4ed566a50 method=com.android.dx.ssa.LiteralOpUpgrader.tryReplacingWithConstant(Lcom/android/dx/ssa/NormalSsaInsn;)Z @ 62

Internal exceptions (5 events):
Event: 0.174 Thread 0x00007fe4fc00a000 Exception <a 'java/lang/NoSuchMethodError': Method sun.misc.Unsafe.defineClass(Ljava/lang/String;[BII)Ljava/lang/Class; name or signature does not match> (0x00000000eab07cc0) thrown at [/HUDSON/workspace/8-2-build-linux-amd64/jdk8u91/6644/hotspot/src/shar
Event: 0.174 Thread 0x00007fe4fc00a000 Exception <a 'java/lang/NoSuchMethodError': Method sun.misc.Unsafe.prefetchRead(Ljava/lang/Object;J)V name or signature does not match> (0x00000000eab07fa8) thrown at [/HUDSON/workspace/8-2-build-linux-amd64/jdk8u91/6644/hotspot/src/share/vm/prims/jni.cpp
Event: 8.931 Thread 0x00007fe4fc15d000 Exception <a 'java/lang/ArrayIndexOutOfBoundsException': 18> (0x00000000ef0727d8) thrown at [/HUDSON/workspace/8-2-build-linux-amd64/jdk8u91/6644/hotspot/src/share/vm/interpreter/interpreterRuntime.cpp, line 366]
Event: 8.944 Thread 0x00007fe4fc15d000 Exception <a 'java/lang/ArrayIndexOutOfBoundsException': 145> (0x00000000ef074358) thrown at [/HUDSON/workspace/8-2-build-linux-amd64/jdk8u91/6644/hotspot/src/share/vm/interpreter/interpreterRuntime.cpp, line 366]
Event: 8.945 Thread 0x00007fe4fc15d000 Exception <a 'java/lang/ArrayIndexOutOfBoundsException': 40> (0x00000000ef075640) thrown at [/HUDSON/workspace/8-2-build-linux-amd64/jdk8u91/6644/hotspot/src/share/vm/interpreter/interpreterRuntime.cpp, line 366]

Events (10 events):
Event: 9.170 Thread 0x00007fe4fc00a000 DEOPT PACKING pc=0x00007fe4ed566a50 sp=0x00007fe5032d87c0
Event: 9.170 Thread 0x00007fe4fc00a000 DEOPT UNPACKING pc=0x00007fe4ed005229 sp=0x00007fe5032d86e8 mode 2
Event: 9.215 Thread 0x00007fe4fc00a000 Uncommon trap: trap_request=0xffffffc6 fr.pc=0x00007fe4ed566a50
Event: 9.215 Thread 0x00007fe4fc00a000 DEOPT PACKING pc=0x00007fe4ed566a50 sp=0x00007fe5032d8710
Event: 9.215 Thread 0x00007fe4fc00a000 DEOPT UNPACKING pc=0x00007fe4ed005229 sp=0x00007fe5032d8638 mode 2
Event: 9.479 Thread 0x00007fe4fc15f800 DEOPT PACKING pc=0x00007fe4ed39542c sp=0x00007fe4df43d060
Event: 9.479 Thread 0x00007fe4fc15f800 DEOPT UNPACKING pc=0x00007fe4ed047633 sp=0x00007fe4df43cd60 mode 0
Event: 10.268 Thread 0x00007fe4fc15f800 DEOPT PACKING pc=0x00007fe4ed4d4cad sp=0x00007fe4df43d1a0
Event: 10.268 Thread 0x00007fe4fc15f800 DEOPT UNPACKING pc=0x00007fe4ed047633 sp=0x00007fe4df43cef8 mode 0
Event: 10.275 Executing VM operation: ParallelGCFailedAllocation


Dynamic libraries:
00400000-00401000 r-xp 00000000 08:0a 530050                             /usr/lib/jvm/java-8-oracle/bin/java
00600000-00601000 rw-p 00000000 08:0a 530050                             /usr/lib/jvm/java-8-oracle/bin/java
00f64000-00f85000 rw-p 00000000 00:00 0                                  [heap]
c0000000-c2800000 rw-p 00000000 00:00 0 
c2800000-eab00000 ---p 00000000 00:00 0 
eab00000-f4200000 rw-p 00000000 00:00 0 
fca00000-100000000 ---p 00000000 00:00 0 
100000000-1000c0000 rw-p 00000000 00:00 0 
1000c0000-140000000 ---p 00000000 00:00 0 
7fe498000000-7fe49802b000 rw-p 00000000 00:00 0 
7fe49802b000-7fe49c000000 ---p 00000000 00:00 0 
7fe4a0000000-7fe4a0021000 rw-p 00000000 00:00 0 
7fe4a0021000-7fe4a4000000 ---p 00000000 00:00 0 
7fe4a4000000-7fe4a4021000 rw-p 00000000 00:00 0 
7fe4a4021000-7fe4a8000000 ---p 00000000 00:00 0 
7fe4a8000000-7fe4a8027000 rw-p 00000000 00:00 0 
7fe4a8027000-7fe4ac000000 ---p 00000000 00:00 0 
7fe4ac000000-7fe4ac021000 rw-p 00000000 00:00 0 
7fe4ac021000-7fe4b0000000 ---p 00000000 00:00 0 
7fe4b0000000-7fe4b0021000 rw-p 00000000 00:00 0 
7fe4b0021000-7fe4b4000000 ---p 00000000 00:00 0 
7fe4b4000000-7fe4b4021000 rw-p 00000000 00:00 0 
7fe4b4021000-7fe4b8000000 ---p 00000000 00:00 0 
7fe4b8000000-7fe4b8ccc000 rw-p 00000000 00:00 0 
7fe4b8ccc000-7fe4bc000000 ---p 00000000 00:00 0 
7fe4bc000000-7fe4bc846000 rw-p 00000000 00:00 0 
7fe4bc846000-7fe4c0000000 ---p 00000000 00:00 0 
7fe4c0000000-7fe4c0021000 rw-p 00000000 00:00 0 
7fe4c0021000-7fe4c4000000 ---p 00000000 00:00 0 
7fe4c4000000-7fe4c4c8e000 rw-p 00000000 00:00 0 
7fe4c4c8e000-7fe4c8000000 ---p 00000000 00:00 0 
7fe4c8000000-7fe4c8021000 rw-p 00000000 00:00 0 
7fe4c8021000-7fe4cc000000 ---p 00000000 00:00 0 
7fe4cc000000-7fe4cc021000 rw-p 00000000 00:00 0 
7fe4cc021000-7fe4d0000000 ---p 00000000 00:00 0 
7fe4d0000000-7fe4d0021000 rw-p 00000000 00:00 0 
7fe4d0021000-7fe4d4000000 ---p 00000000 00:00 0 
7fe4d4000000-7fe4d428d000 rw-p 00000000 00:00 0 
7fe4d428d000-7fe4d8000000 ---p 00000000 00:00 0 
7fe4d8000000-7fe4d8021000 rw-p 00000000 00:00 0 
7fe4d8021000-7fe4dc000000 ---p 00000000 00:00 0 
7fe4df33e000-7fe4df341000 ---p 00000000 00:00 0 
7fe4df341000-7fe4df43f000 rw-p 00000000 00:00 0 
7fe4df43f000-7fe4df442000 ---p 00000000 00:00 0 
7fe4df442000-7fe4df540000 rw-p 00000000 00:00 0 
7fe4df540000-7fe4df543000 ---p 00000000 00:00 0 
7fe4df543000-7fe4df641000 rw-p 00000000 00:00 0 
7fe4df641000-7fe4e0000000 r--p 00000000 08:0a 400614                     /usr/lib/locale/locale-archive
7fe4e0000000-7fe4e0021000 rw-p 00000000 00:00 0 
7fe4e0021000-7fe4e4000000 ---p 00000000 00:00 0 
7fe4e40e9000-7fe4e40ec000 ---p 00000000 00:00 0 
7fe4e40ec000-7fe4e41ea000 rw-p 00000000 00:00 0 
7fe4e41ea000-7fe4e41ed000 ---p 00000000 00:00 0 
7fe4e41ed000-7fe4e42eb000 rw-p 00000000 00:00 0 
7fe4e42eb000-7fe4e42ec000 ---p 00000000 00:00 0 
7fe4e42ec000-7fe4e43ec000 rw-p 00000000 00:00 0 
7fe4e43ec000-7fe4e43ef000 ---p 00000000 00:00 0 
7fe4e43ef000-7fe4e44ed000 rw-p 00000000 00:00 0 
7fe4e44ed000-7fe4e44f0000 ---p 00000000 00:00 0 
7fe4e44f0000-7fe4e45ee000 rw-p 00000000 00:00 0 
7fe4e45ee000-7fe4e45f1000 ---p 00000000 00:00 0 
7fe4e45f1000-7fe4e46ef000 rw-p 00000000 00:00 0 
7fe4e46ef000-7fe4e46f2000 ---p 00000000 00:00 0 
7fe4e46f2000-7fe4e47f0000 rw-p 00000000 00:00 0 
7fe4e47f0000-7fe4e47f3000 ---p 00000000 00:00 0 
7fe4e47f3000-7fe4e48f1000 rw-p 00000000 00:00 0 
7fe4e48f1000-7fe4e48f4000 ---p 00000000 00:00 0 
7fe4e48f4000-7fe4e49f2000 rw-p 00000000 00:00 0 
7fe4e49f2000-7fe4e49f5000 ---p 00000000 00:00 0 
7fe4e49f5000-7fe4e4af3000 rw-p 00000000 00:00 0 
7fe4e4af3000-7fe4e4af4000 ---p 00000000 00:00 0 
7fe4e4af4000-7fe4e5e80000 rw-p 00000000 00:00 0 
7fe4e5e80000-7fe4e6000000 ---p 00000000 00:00 0 
7fe4e6000000-7fe4e8000000 rw-p 00000000 00:00 0 
7fe4e8000000-7fe4e8021000 rw-p 00000000 00:00 0 
7fe4e8021000-7fe4ec000000 ---p 00000000 00:00 0 
7fe4ec00f000-7fe4ec025000 r--s 000f1000 08:0a 4852964                    /home/akhil/AndroidStudioProjects/IntegrateGit/app/build/intermediates/exploded-aar/com.android.support/support-v4/23.4.0/jars/classes.jar
7fe4ec025000-7fe4ec398000 rw-p 00000000 00:00 0 
7fe4ec398000-7fe4ec571000 r--s 03d1f000 08:0a 792350                     /usr/lib/jvm/java-8-oracle/jre/lib/rt.jar
7fe4ec571000-7fe4ec7e7000 rw-p 00000000 00:00 0 
7fe4ec7e7000-7fe4ec7e8000 ---p 00000000 00:00 0 
7fe4ec7e8000-7fe4ec8e8000 rw-p 00000000 00:00 0 
7fe4ec8e8000-7fe4ec8e9000 ---p 00000000 00:00 0 
7fe4ec8e9000-7fe4ec9e9000 rw-p 00000000 00:00 0 
7fe4ec9e9000-7fe4ec9ea000 ---p 00000000 00:00 0 
7fe4ec9ea000-7fe4ecafe000 rw-p 00000000 00:00 0 
7fe4ecafe000-7fe4ecc40000 ---p 00000000 00:00 0 
7fe4ecc40000-7fe4ecc5b000 rw-p 00000000 00:00 0 
7fe4ecc5b000-7fe4ed000000 ---p 00000000 00:00 0 
7fe4ed000000-7fe4ed6a0000 rwxp 00000000 00:00 0 
7fe4ed6a0000-7fe4fc000000 ---p 00000000 00:00 0 
7fe4fc000000-7fe4fc390000 rw-p 00000000 00:00 0 
7fe4fc390000-7fe500000000 ---p 00000000 00:00 0 
7fe500007000-7fe500049000 rw-p 00000000 00:00 0 
7fe500049000-7fe50004a000 ---p 00000000 00:00 0 
7fe50004a000-7fe50015e000 rw-p 00000000 00:00 0 
7fe50015e000-7fe50029f000 ---p 00000000 00:00 0 
7fe50029f000-7fe5002eb000 rw-p 00000000 00:00 0 
7fe5002eb000-7fe50034a000 ---p 00000000 00:00 0 
7fe50034a000-7fe50034b000 rw-p 00000000 00:00 0 
7fe50034b000-7fe500365000 r-xp 00000000 08:0a 792409                     /usr/lib/jvm/java-8-oracle/jre/lib/amd64/libzip.so
7fe500365000-7fe500565000 ---p 0001a000 08:0a 792409                     /usr/lib/jvm/java-8-oracle/jre/lib/amd64/libzip.so
7fe500565000-7fe500566000 rw-p 0001a000 08:0a 792409                     /usr/lib/jvm/java-8-oracle/jre/lib/amd64/libzip.so
7fe500566000-7fe500571000 r-xp 00000000 08:0a 6558312                    /lib/x86_64-linux-gnu/libnss_files-2.23.so
7fe500571000-7fe500770000 ---p 0000b000 08:0a 6558312                    /lib/x86_64-linux-gnu/libnss_files-2.23.so
7fe500770000-7fe500771000 r--p 0000a000 08:0a 6558312                    /lib/x86_64-linux-gnu/libnss_files-2.23.so
7fe500771000-7fe500772000 rw-p 0000b000 08:0a 6558312                    /lib/x86_64-linux-gnu/libnss_files-2.23.so
7fe500772000-7fe500778000 rw-p 00000000 00:00 0 
7fe500778000-7fe500783000 r-xp 00000000 08:0a 6558322                    /lib/x86_64-linux-gnu/libnss_nis-2.23.so
7fe500783000-7fe500982000 ---p 0000b000 08:0a 6558322                    /lib/x86_64-linux-gnu/libnss_nis-2.23.so
7fe500982000-7fe500983000 r--p 0000a000 08:0a 6558322                    /lib/x86_64-linux-gnu/libnss_nis-2.23.so
7fe500983000-7fe500984000 rw-p 0000b000 08:0a 6558322                    /lib/x86_64-linux-gnu/libnss_nis-2.23.so
7fe500984000-7fe50099a000 r-xp 00000000 08:0a 6558306                    /lib/x86_64-linux-gnu/libnsl-2.23.so
7fe50099a000-7fe500b99000 ---p 00016000 08:0a 6558306                    /lib/x86_64-linux-gnu/libnsl-2.23.so
7fe500b99000-7fe500b9a000 r--p 00015000 08:0a 6558306                    /lib/x86_64-linux-gnu/libnsl-2.23.so
7fe500b9a000-7fe500b9b000 rw-p 00016000 08:0a 6558306                    /lib/x86_64-linux-gnu/libnsl-2.23.so
7fe500b9b000-7fe500b9d000 rw-p 00000000 00:00 0 
7fe500b9d000-7fe500ba5000 r-xp 00000000 08:0a 6558308                    /lib/x86_64-linux-gnu/libnss_compat-2.23.so
7fe500ba5000-7fe500da4000 ---p 00008000 08:0a 6558308                    /lib/x86_64-linux-gnu/libnss_compat-2.23.so
7fe500da4000-7fe500da5000 r--p 00007000 08:0a 6558308                    /lib/x86_64-linux-gnu/libnss_compat-2.23.so
7fe500da5000-7fe500da6000 rw-p 00008000 08:0a 6558308                    /lib/x86_64-linux-gnu/libnss_compat-2.23.so
7fe500da6000-7fe500dd0000 r-xp 00000000 08:0a 792404                     /usr/lib/jvm/java-8-oracle/jre/lib/amd64/libjava.so
7fe500dd0000-7fe500fd0000 ---p 0002a000 08:0a 792404                     /usr/lib/jvm/java-8-oracle/jre/lib/amd64/libjava.so
7fe500fd0000-7fe500fd2000 rw-p 0002a000 08:0a 792404                     /usr/lib/jvm/java-8-oracle/jre/lib/amd64/libjava.so
7fe500fd2000-7fe500fdf000 r-xp 00000000 08:0a 792408                     /usr/lib/jvm/java-8-oracle/jre/lib/amd64/libverify.so
7fe500fdf000-7fe5011df000 ---p 0000d000 08:0a 792408                     /usr/lib/jvm/java-8-oracle/jre/lib/amd64/libverify.so
7fe5011df000-7fe5011e1000 rw-p 0000d000 08:0a 792408                     /usr/lib/jvm/java-8-oracle/jre/lib/amd64/libverify.so
7fe5011e1000-7fe5011e8000 r-xp 00000000 08:0a 6558367                    /lib/x86_64-linux-gnu/librt-2.23.so
7fe5011e8000-7fe5013e7000 ---p 00007000 08:0a 6558367                    /lib/x86_64-linux-gnu/librt-2.23.so
7fe5013e7000-7fe5013e8000 r--p 00006000 08:0a 6558367                    /lib/x86_64-linux-gnu/librt-2.23.so
7fe5013e8000-7fe5013e9000 rw-p 00007000 08:0a 6558367                    /lib/x86_64-linux-gnu/librt-2.23.so
7fe5013e9000-7fe5014f1000 r-xp 00000000 08:0a 6558283                    /lib/x86_64-linux-gnu/libm-2.23.so
7fe5014f1000-7fe5016f0000 ---p 00108000 08:0a 6558283                    /lib/x86_64-linux-gnu/libm-2.23.so
7fe5016f0000-7fe5016f1000 r--p 00107000 08:0a 6558283                    /lib/x86_64-linux-gnu/libm-2.23.so
7fe5016f1000-7fe5016f2000 rw-p 00108000 08:0a 6558283                    /lib/x86_64-linux-gnu/libm-2.23.so
7fe5016f2000-7fe5023b2000 r-xp 00000000 08:0a 928667                     /usr/lib/jvm/java-8-oracle/jre/lib/amd64/server/libjvm.so
7fe5023b2000-7fe5025b2000 ---p 00cc0000 08:0a 928667                     /usr/lib/jvm/java-8-oracle/jre/lib/amd64/server/libjvm.so
7fe5025b2000-7fe50268a000 rw-p 00cc0000 08:0a 928667                     /usr/lib/jvm/java-8-oracle/jre/lib/amd64/server/libjvm.so
7fe50268a000-7fe5026d5000 rw-p 00000000 00:00 0 
7fe5026d5000-7fe502895000 r-xp 00000000 08:0a 6558213                    /lib/x86_64-linux-gnu/libc-2.23.so
7fe502895000-7fe502a94000 ---p 001c0000 08:0a 6558213                    /lib/x86_64-linux-gnu/libc-2.23.so
7fe502a94000-7fe502a98000 r--p 001bf000 08:0a 6558213                    /lib/x86_64-linux-gnu/libc-2.23.so
7fe502a98000-7fe502a9a000 rw-p 001c3000 08:0a 6558213                    /lib/x86_64-linux-gnu/libc-2.23.so
7fe502a9a000-7fe502a9e000 rw-p 00000000 00:00 0 
7fe502a9e000-7fe502aa1000 r-xp 00000000 08:0a 6558237                    /lib/x86_64-linux-gnu/libdl-2.23.so
7fe502aa1000-7fe502ca0000 ---p 00003000 08:0a 6558237                    /lib/x86_64-linux-gnu/libdl-2.23.so
7fe502ca0000-7fe502ca1000 r--p 00002000 08:0a 6558237                    /lib/x86_64-linux-gnu/libdl-2.23.so
7fe502ca1000-7fe502ca2000 rw-p 00003000 08:0a 6558237                    /lib/x86_64-linux-gnu/libdl-2.23.so
7fe502ca2000-7fe502cb7000 r-xp 00000000 08:0a 791541                     /usr/lib/jvm/java-8-oracle/lib/amd64/jli/libjli.so
7fe502cb7000-7fe502eb7000 ---p 00015000 08:0a 791541                     /usr/lib/jvm/java-8-oracle/lib/amd64/jli/libjli.so
7fe502eb7000-7fe502eb8000 rw-p 00015000 08:0a 791541                     /usr/lib/jvm/java-8-oracle/lib/amd64/jli/libjli.so
7fe502eb8000-7fe502ed0000 r-xp 00000000 08:0a 6558359                    /lib/x86_64-linux-gnu/libpthread-2.23.so
7fe502ed0000-7fe5030cf000 ---p 00018000 08:0a 6558359                    /lib/x86_64-linux-gnu/libpthread-2.23.so
7fe5030cf000-7fe5030d0000 r--p 00017000 08:0a 6558359                    /lib/x86_64-linux-gnu/libpthread-2.23.so
7fe5030d0000-7fe5030d1000 rw-p 00018000 08:0a 6558359                    /lib/x86_64-linux-gnu/libpthread-2.23.so
7fe5030d1000-7fe5030d5000 rw-p 00000000 00:00 0 
7fe5030d5000-7fe5030fb000 r-xp 00000000 08:0a 6558185                    /lib/x86_64-linux-gnu/ld-2.23.so
7fe503101000-7fe5031da000 rw-p 00000000 00:00 0 
7fe5031da000-7fe5031dd000 ---p 00000000 00:00 0 
7fe5031dd000-7fe5032df000 rw-p 00000000 00:00 0 
7fe5032df000-7fe5032ee000 r--s 000df000 08:0a 4327630                    /home/akhil/Android/Sdk/build-tools/23.0.3/lib/dx.jar
7fe5032ee000-7fe5032f6000 rw-s 00000000 08:0a 1318511                    /tmp/hsperfdata_akhil/13096
7fe5032f6000-7fe5032f7000 rw-p 00000000 00:00 0 
7fe5032f7000-7fe5032f8000 ---p 00000000 00:00 0 
7fe5032f8000-7fe5032fa000 rw-p 00000000 00:00 0 
7fe5032fa000-7fe5032fb000 r--p 00025000 08:0a 6558185                    /lib/x86_64-linux-gnu/ld-2.23.so
7fe5032fb000-7fe5032fc000 rw-p 00026000 08:0a 6558185                    /lib/x86_64-linux-gnu/ld-2.23.so
7fe5032fc000-7fe5032fd000 rw-p 00000000 00:00 0 
7ffe78505000-7ffe78526000 rw-p 00000000 00:00 0                          [stack]
7ffe7858b000-7ffe7858d000 r--p 00000000 00:00 0                          [vvar]
7ffe7858d000-7ffe7858f000 r-xp 00000000 00:00 0                          [vdso]
ffffffffff600000-ffffffffff601000 r-xp 00000000 00:00 0                  [vsyscall]

VM Arguments:
jvm_args: -Djava.awt.headless=true -Xmx1024M -Dfile.encoding=UTF-8 -Duser.country=IN -Duser.language=en -Duser.variant 
java_command: com.android.dx.command.Main --dex --force-jumbo --num-threads=4 --multi-dex --output /home/akhil/AndroidStudioProjects/IntegrateGit/app/build/intermediates/transforms/dex/debug/folders/1000/10/com.android.support-support-v4-23.4.0_0fc46d574cf9f2bd8319afacea739173acc4e74e /home/akhil/AndroidStudioProjects/IntegrateGit/app/build/intermediates/exploded-aar/com.android.support/support-v4/23.4.0/jars/classes.jar
java_class_path (initial): /home/akhil/Android/Sdk/build-tools/23.0.3/lib/dx.jar
Launcher Type: SUN_STANDARD

Environment Variables:
JAVA_HOME=/usr/lib/jvm/java-8-oracle
PATH=/usr/local/sbin:/usr/local/bin:/usr/sbin:/usr/bin:/sbin:/bin:/usr/games:/usr/local/games:/snap/bin:/usr/lib/jvm/java-8-oracle/bin:/usr/lib/jvm/java-8-oracle/db/bin:/usr/lib/jvm/java-8-oracle/jre/bin
SHELL=/bin/bash
DISPLAY=:0

Signal Handlers:
SIGSEGV: [libjvm.so+0xabca10], sa_mask[0]=11111111011111111101111111111110, sa_flags=SA_RESTART|SA_SIGINFO
SIGBUS: [libjvm.so+0xabca10], sa_mask[0]=11111111011111111101111111111110, sa_flags=SA_RESTART|SA_SIGINFO
SIGFPE: [libjvm.so+0x919a20], sa_mask[0]=11111111011111111101111111111110, sa_flags=SA_RESTART|SA_SIGINFO
SIGPIPE: [libjvm.so+0x919a20], sa_mask[0]=11111111011111111101111111111110, sa_flags=SA_RESTART|SA_SIGINFO
SIGXFSZ: [libjvm.so+0x919a20], sa_mask[0]=11111111011111111101111111111110, sa_flags=SA_RESTART|SA_SIGINFO
SIGILL: [libjvm.so+0x919a20], sa_mask[0]=11111111011111111101111111111110, sa_flags=SA_RESTART|SA_SIGINFO
SIGUSR1: SIG_DFL, sa_mask[0]=00000000000000000000000000000000, sa_flags=none
SIGUSR2: [libjvm.so+0x91b050], sa_mask[0]=00100000000000000000000000000000, sa_flags=SA_RESTART|SA_SIGINFO
SIGHUP: [libjvm.so+0x91c450], sa_mask[0]=11111111011111111101111111111110, sa_flags=SA_RESTART|SA_SIGINFO
SIGINT: [libjvm.so+0x91c450], sa_mask[0]=11111111011111111101111111111110, sa_flags=SA_RESTART|SA_SIGINFO
SIGTERM: [libjvm.so+0x91c450], sa_mask[0]=11111111011111111101111111111110, sa_flags=SA_RESTART|SA_SIGINFO
SIGQUIT: [libjvm.so+0x91c450], sa_mask[0]=11111111011111111101111111111110, sa_flags=SA_RESTART|SA_SIGINFO


---------------  S Y S T E M  ---------------

OS:DISTRIB_ID=Ubuntu
DISTRIB_RELEASE=16.04
DISTRIB_CODENAME=xenial
DISTRIB_DESCRIPTION="Ubuntu 16.04 LTS"

uname:Linux 4.4.0-24-generic #43-Ubuntu SMP Wed Jun 8 19:27:37 UTC 2016 x86_64
libc:glibc 2.23 NPTL 2.23 
rlimit: STACK 8192k, CORE 0k, NPROC 14926, NOFILE 65536, AS infinity
load average:7.21 2.97 2.07

/proc/meminfo:
MemTotal:        3924616 kB
MemFree:          119832 kB
MemAvailable:      78288 kB
Buffers:            2112 kB
Cached:           245912 kB
SwapCached:            0 kB
Active:          3417252 kB
Inactive:         204952 kB
Active(anon):    3391628 kB
Inactive(anon):   182480 kB
Active(file):      25624 kB
Inactive(file):    22472 kB
Unevictable:          32 kB
Mlocked:              32 kB
SwapTotal:             0 kB
SwapFree:              0 kB
Dirty:              3140 kB
Writeback:             0 kB
AnonPages:       3374804 kB
Mapped:            83580 kB
Shmem:            199436 kB
Slab:              74316 kB
SReclaimable:      37760 kB
SUnreclaim:        36556 kB
KernelStack:       10880 kB
PageTables:        35728 kB
NFS_Unstable:          0 kB
Bounce:                0 kB
WritebackTmp:          0 kB
CommitLimit:     1962308 kB
Committed_AS:    6973052 kB
VmallocTotal:   34359738367 kB
VmallocUsed:           0 kB
VmallocChunk:          0 kB
HardwareCorrupted:     0 kB
AnonHugePages:   2021376 kB
CmaTotal:              0 kB
CmaFree:               0 kB
HugePages_Total:       0
HugePages_Free:        0
HugePages_Rsvd:        0
HugePages_Surp:        0
Hugepagesize:       2048 kB
DirectMap4k:      147196 kB
DirectMap2M:     3926016 kB


CPU:total 4 (2 cores per cpu, 2 threads per core) family 6 model 58 stepping 9, cmov, cx8, fxsr, mmx, sse, sse2, sse3, ssse3, sse4.1, sse4.2, popcnt, avx, aes, clmul, erms, ht, tsc, tscinvbit, tscinv

/proc/cpuinfo:
processor	: 0
vendor_id	: GenuineIntel
cpu family	: 6
model		: 58
model name	: Intel(R) Core(TM) i5-3337U CPU @ 1.80GHz
stepping	: 9
microcode	: 0x17
cpu MHz		: 2499.960
cache size	: 3072 KB
physical id	: 0
siblings	: 4
core id		: 0
cpu cores	: 2
apicid		: 0
initial apicid	: 0
fpu		: yes
fpu_exception	: yes
cpuid level	: 13
wp		: yes
flags		: fpu vme de pse tsc msr pae mce cx8 apic sep mtrr pge mca cmov pat pse36 clflush dts acpi mmx fxsr sse sse2 ss ht tm pbe syscall nx rdtscp lm constant_tsc arch_perfmon pebs bts rep_good nopl xtopology nonstop_tsc aperfmperf eagerfpu pni pclmulqdq dtes64 monitor ds_cpl vmx est tm2 ssse3 cx16 xtpr pdcm pcid sse4_1 sse4_2 x2apic popcnt tsc_deadline_timer aes xsave avx f16c rdrand lahf_lm epb tpr_shadow vnmi flexpriority ept vpid fsgsbase smep erms xsaveopt dtherm ida arat pln pts
bugs		:
bogomips	: 3591.83
clflush size	: 64
cache_alignment	: 64
address sizes	: 36 bits physical, 48 bits virtual
power management:

processor	: 1
vendor_id	: GenuineIntel
cpu family	: 6
model		: 58
model name	: Intel(R) Core(TM) i5-3337U CPU @ 1.80GHz
stepping	: 9
microcode	: 0x17
cpu MHz		: 2499.960
cache size	: 3072 KB
physical id	: 0
siblings	: 4
core id		: 0
cpu cores	: 2
apicid		: 1
initial apicid	: 1
fpu		: yes
fpu_exception	: yes
cpuid level	: 13
wp		: yes
flags		: fpu vme de pse tsc msr pae mce cx8 apic sep mtrr pge mca cmov pat pse36 clflush dts acpi mmx fxsr sse sse2 ss ht tm pbe syscall nx rdtscp lm constant_tsc arch_perfmon pebs bts rep_good nopl xtopology nonstop_tsc aperfmperf eagerfpu pni pclmulqdq dtes64 monitor ds_cpl vmx est tm2 ssse3 cx16 xtpr pdcm pcid sse4_1 sse4_2 x2apic popcnt tsc_deadline_timer aes xsave avx f16c rdrand lahf_lm epb tpr_shadow vnmi flexpriority ept vpid fsgsbase smep erms xsaveopt dtherm ida arat pln pts
bugs		:
bogomips	: 3591.83
clflush size	: 64
cache_alignment	: 64
address sizes	: 36 bits physical, 48 bits virtual
power management:

processor	: 2
vendor_id	: GenuineIntel
cpu family	: 6
model		: 58
model name	: Intel(R) Core(TM) i5-3337U CPU @ 1.80GHz
stepping	: 9
microcode	: 0x17
cpu MHz		: 2499.960
cache size	: 3072 KB
physical id	: 0
siblings	: 4
core id		: 1
cpu cores	: 2
apicid		: 2
initial apicid	: 2
fpu		: yes
fpu_exception	: yes
cpuid level	: 13
wp		: yes
flags		: fpu vme de pse tsc msr pae mce cx8 apic sep mtrr pge mca cmov pat pse36 clflush dts acpi mmx fxsr sse sse2 ss ht tm pbe syscall nx rdtscp lm constant_tsc arch_perfmon pebs bts rep_good nopl xtopology nonstop_tsc aperfmperf eagerfpu pni pclmulqdq dtes64 monitor ds_cpl vmx est tm2 ssse3 cx16 xtpr pdcm pcid sse4_1 sse4_2 x2apic popcnt tsc_deadline_timer aes xsave avx f16c rdrand lahf_lm epb tpr_shadow vnmi flexpriority ept vpid fsgsbase smep erms xsaveopt dtherm ida arat pln pts
bugs		:
bogomips	: 3591.83
clflush size	: 64
cache_alignment	: 64
address sizes	: 36 bits physical, 48 bits virtual
power management:

processor	: 3
vendor_id	: GenuineIntel
cpu family	: 6
model		: 58
model name	: Intel(R) Core(TM) i5-3337U CPU @ 1.80GHz
stepping	: 9
microcode	: 0x17
cpu MHz		: 2499.960
cache size	: 3072 KB
physical id	: 0
siblings	: 4
core id		: 1
cpu cores	: 2
apicid		: 3
initial apicid	: 3
fpu		: yes
fpu_exception	: yes
cpuid level	: 13
wp		: yes
flags		: fpu vme de pse tsc msr pae mce cx8 apic sep mtrr pge mca cmov pat pse36 clflush dts acpi mmx fxsr sse sse2 ss ht tm pbe syscall nx rdtscp lm constant_tsc arch_perfmon pebs bts rep_good nopl xtopology nonstop_tsc aperfmperf eagerfpu pni pclmulqdq dtes64 monitor ds_cpl vmx est tm2 ssse3 cx16 xtpr pdcm pcid sse4_1 sse4_2 x2apic popcnt tsc_deadline_timer aes xsave avx f16c rdrand lahf_lm epb tpr_shadow vnmi flexpriority ept vpid fsgsbase smep erms xsaveopt dtherm ida arat pln pts
bugs		:
bogomips	: 3591.83
clflush size	: 64
cache_alignment	: 64
address sizes	: 36 bits physical, 48 bits virtual
power management:



Memory: 4k page, physical 3924616k(119832k free), swap 0k(0k free)

vm_info: Java HotSpot(TM) 64-Bit Server VM (25.91-b14) for linux-amd64 JRE (1.8.0_91-b14), built on Apr  1 2016 00:57:21 by "java_re" with gcc 4.3.0 20080428 (Red Hat 4.3.0-8)

time: Tue Jun 21 17:44:04 2016
elapsed time: 11 seconds (0d 0h 0m 11s)

